ERROR - 2024-07-22 14:06:32 --> mysqli_sql_exception: Duplicate entry '7896321456987' for key 'PRIMARY' in C:\xampp\htdocs\fs2024\ci4_ciudadanos\system\Database\MySQLi\Connection.php:312
Stack trace:
#0 C:\xampp\htdocs\fs2024\ci4_ciudadanos\system\Database\MySQLi\Connection.php(312): mysqli->query('INSERT INTO `ci...', 0)
#1 C:\xampp\htdocs\fs2024\ci4_ciudadanos\system\Database\BaseConnection.php(734): CodeIgniter\Database\MySQLi\Connection->execute('INSERT INTO `ci...')
#2 C:\xampp\htdocs\fs2024\ci4_ciudadanos\system\Database\BaseConnection.php(648): CodeIgniter\Database\BaseConnection->simpleQuery('INSERT INTO `ci...')
#3 C:\xampp\htdocs\fs2024\ci4_ciudadanos\system\Database\BaseBuilder.php(2332): CodeIgniter\Database\BaseConnection->query('INSERT INTO `ci...', Array, false)
#4 C:\xampp\htdocs\fs2024\ci4_ciudadanos\system\Model.php(394): CodeIgniter\Database\BaseBuilder->insert()
#5 C:\xampp\htdocs\fs2024\ci4_ciudadanos\system\BaseModel.php(840): CodeIgniter\Model->doInsert(Array)
#6 C:\xampp\htdocs\fs2024\ci4_ciudadanos\system\Model.php(802): CodeIgniter\BaseModel->insert(Array, true)
#7 C:\xampp\htdocs\fs2024\ci4_ciudadanos\app\Controllers\CiudadanosController.php(34): CodeIgniter\Model->insert(Array)
#8 C:\xampp\htdocs\fs2024\ci4_ciudadanos\system\CodeIgniter.php(933): App\Controllers\CiudadanosController->agregarCiudadano()
#9 C:\xampp\htdocs\fs2024\ci4_ciudadanos\system\CodeIgniter.php(509): CodeIgniter\CodeIgniter->runController(Object(App\Controllers\CiudadanosController))
#10 C:\xampp\htdocs\fs2024\ci4_ciudadanos\system\CodeIgniter.php(355): CodeIgniter\CodeIgniter->handleRequest(NULL, Object(Config\Cache), false)
#11 C:\xampp\htdocs\fs2024\ci4_ciudadanos\system\Boot.php(325): CodeIgniter\CodeIgniter->run()
#12 C:\xampp\htdocs\fs2024\ci4_ciudadanos\system\Boot.php(67): CodeIgniter\Boot::runCodeIgniter(Object(CodeIgniter\CodeIgniter))
#13 C:\xampp\htdocs\fs2024\ci4_ciudadanos\public\index.php(56): CodeIgniter\Boot::bootWeb(Object(Config\Paths))
#14 {main}
CRITICAL - 2024-07-22 14:06:32 --> CodeIgniter\Database\Exceptions\DatabaseException: Duplicate entry '7896321456987' for key 'PRIMARY'
[Method: POST, Route: agregar_ciudadano]
in SYSTEMPATH\Database\BaseConnection.php on line 688.
 1 SYSTEMPATH\Database\BaseBuilder.php(2332): CodeIgniter\Database\BaseConnection->query('INSERT INTO `ciudadanos` (`dpi`, `apellido`, `nombre`, `tel_casa`, `fechanac`, `cod_nivel_acad`, `cod_muni`, `contra`) VALUES (:dpi:, :apellido:, :nombre:, :tel_casa:, :fechanac:, :cod_nivel_acad:, :cod_muni:, :contra:)', [...], false)
 2 SYSTEMPATH\Model.php(394): CodeIgniter\Database\BaseBuilder->insert()
 3 SYSTEMPATH\BaseModel.php(840): CodeIgniter\Model->doInsert([...])
 4 SYSTEMPATH\Model.php(802): CodeIgniter\BaseModel->insert([...], true)
 5 APPPATH\Controllers\CiudadanosController.php(34): CodeIgniter\Model->insert([...])
 6 SYSTEMPATH\CodeIgniter.php(933): App\Controllers\CiudadanosController->agregarCiudadano()
 7 SYSTEMPATH\CodeIgniter.php(509): CodeIgniter\CodeIgniter->runController(Object(App\Controllers\CiudadanosController))
 8 SYSTEMPATH\CodeIgniter.php(355): CodeIgniter\CodeIgniter->handleRequest(null, Object(Config\Cache), false)
 9 SYSTEMPATH\Boot.php(325): CodeIgniter\CodeIgniter->run()
10 SYSTEMPATH\Boot.php(67): CodeIgniter\Boot::runCodeIgniter(Object(CodeIgniter\CodeIgniter))
11 FCPATH\index.php(56): CodeIgniter\Boot::bootWeb(Object(Config\Paths))
CRITICAL - 2024-07-22 14:06:32 --> [Caused by] CodeIgniter\Database\Exceptions\DatabaseException: Duplicate entry '7896321456987' for key 'PRIMARY'
in SYSTEMPATH\Database\MySQLi\Connection.php on line 317.
 1 SYSTEMPATH\Database\BaseConnection.php(734): CodeIgniter\Database\MySQLi\Connection->execute('INSERT INTO `ciudadanos` (`dpi`, `apellido`, `nombre`, `tel_casa`, `fechanac`, `cod_nivel_acad`, `cod_muni`, `contra`) VALUES (\'7896321456987\', \'Prueba\', \'Inventado\', \'12345678\', \'2024-07-22\', \'2\', \'101\', \'NNGHGJHJ\')')
 2 SYSTEMPATH\Database\BaseConnection.php(648): CodeIgniter\Database\BaseConnection->simpleQuery('INSERT INTO `ciudadanos` (`dpi`, `apellido`, `nombre`, `tel_casa`, `fechanac`, `cod_nivel_acad`, `cod_muni`, `contra`) VALUES (\'7896321456987\', \'Prueba\', \'Inventado\', \'12345678\', \'2024-07-22\', \'2\', \'101\', \'NNGHGJHJ\')')
 3 SYSTEMPATH\Database\BaseBuilder.php(2332): CodeIgniter\Database\BaseConnection->query('INSERT INTO `ciudadanos` (`dpi`, `apellido`, `nombre`, `tel_casa`, `fechanac`, `cod_nivel_acad`, `cod_muni`, `contra`) VALUES (:dpi:, :apellido:, :nombre:, :tel_casa:, :fechanac:, :cod_nivel_acad:, :cod_muni:, :contra:)', [...], false)
 4 SYSTEMPATH\Model.php(394): CodeIgniter\Database\BaseBuilder->insert()
 5 SYSTEMPATH\BaseModel.php(840): CodeIgniter\Model->doInsert([...])
 6 SYSTEMPATH\Model.php(802): CodeIgniter\BaseModel->insert([...], true)
 7 APPPATH\Controllers\CiudadanosController.php(34): CodeIgniter\Model->insert([...])
 8 SYSTEMPATH\CodeIgniter.php(933): App\Controllers\CiudadanosController->agregarCiudadano()
 9 SYSTEMPATH\CodeIgniter.php(509): CodeIgniter\CodeIgniter->runController(Object(App\Controllers\CiudadanosController))
10 SYSTEMPATH\CodeIgniter.php(355): CodeIgniter\CodeIgniter->handleRequest(null, Object(Config\Cache), false)
11 SYSTEMPATH\Boot.php(325): CodeIgniter\CodeIgniter->run()
12 SYSTEMPATH\Boot.php(67): CodeIgniter\Boot::runCodeIgniter(Object(CodeIgniter\CodeIgniter))
13 FCPATH\index.php(56): CodeIgniter\Boot::bootWeb(Object(Config\Paths))
CRITICAL - 2024-07-22 14:06:32 --> [Caused by] mysqli_sql_exception: Duplicate entry '7896321456987' for key 'PRIMARY'
in SYSTEMPATH\Database\MySQLi\Connection.php on line 312.
 1 SYSTEMPATH\Database\MySQLi\Connection.php(312): mysqli->query('INSERT INTO `ciudadanos` (`dpi`, `apellido`, `nombre`, `tel_casa`, `fechanac`, `cod_nivel_acad`, `cod_muni`, `contra`) VALUES (\'7896321456987\', \'Prueba\', \'Inventado\', \'12345678\', \'2024-07-22\', \'2\', \'101\', \'NNGHGJHJ\')', 0)
 2 SYSTEMPATH\Database\BaseConnection.php(734): CodeIgniter\Database\MySQLi\Connection->execute('INSERT INTO `ciudadanos` (`dpi`, `apellido`, `nombre`, `tel_casa`, `fechanac`, `cod_nivel_acad`, `cod_muni`, `contra`) VALUES (\'7896321456987\', \'Prueba\', \'Inventado\', \'12345678\', \'2024-07-22\', \'2\', \'101\', \'NNGHGJHJ\')')
 3 SYSTEMPATH\Database\BaseConnection.php(648): CodeIgniter\Database\BaseConnection->simpleQuery('INSERT INTO `ciudadanos` (`dpi`, `apellido`, `nombre`, `tel_casa`, `fechanac`, `cod_nivel_acad`, `cod_muni`, `contra`) VALUES (\'7896321456987\', \'Prueba\', \'Inventado\', \'12345678\', \'2024-07-22\', \'2\', \'101\', \'NNGHGJHJ\')')
 4 SYSTEMPATH\Database\BaseBuilder.php(2332): CodeIgniter\Database\BaseConnection->query('INSERT INTO `ciudadanos` (`dpi`, `apellido`, `nombre`, `tel_casa`, `fechanac`, `cod_nivel_acad`, `cod_muni`, `contra`) VALUES (:dpi:, :apellido:, :nombre:, :tel_casa:, :fechanac:, :cod_nivel_acad:, :cod_muni:, :contra:)', [...], false)
 5 SYSTEMPATH\Model.php(394): CodeIgniter\Database\BaseBuilder->insert()
 6 SYSTEMPATH\BaseModel.php(840): CodeIgniter\Model->doInsert([...])
 7 SYSTEMPATH\Model.php(802): CodeIgniter\BaseModel->insert([...], true)
 8 APPPATH\Controllers\CiudadanosController.php(34): CodeIgniter\Model->insert([...])
 9 SYSTEMPATH\CodeIgniter.php(933): App\Controllers\CiudadanosController->agregarCiudadano()
10 SYSTEMPATH\CodeIgniter.php(509): CodeIgniter\CodeIgniter->runController(Object(App\Controllers\CiudadanosController))
11 SYSTEMPATH\CodeIgniter.php(355): CodeIgniter\CodeIgniter->handleRequest(null, Object(Config\Cache), false)
12 SYSTEMPATH\Boot.php(325): CodeIgniter\CodeIgniter->run()
13 SYSTEMPATH\Boot.php(67): CodeIgniter\Boot::runCodeIgniter(Object(CodeIgniter\CodeIgniter))
14 FCPATH\index.php(56): CodeIgniter\Boot::bootWeb(Object(Config\Paths))
CRITICAL - 2024-07-22 14:37:48 --> ErrorException: Undefined variable $cliente
[Method: GET, Route: ciudadanos]
in APPPATH\Views\ciudadanos.php on line 70.
 1 APPPATH\Views\ciudadanos.php(70): CodeIgniter\Debug\Exceptions->errorHandler(2, 'Undefined variable $cliente', 'C:\\xampp\\htdocs\\fs2024\\ci4_ciudadanos\\app\\Views\\ciudadanos.php', 70)
 2 SYSTEMPATH\View\View.php(234): include('C:\\xampp\\htdocs\\fs2024\\ci4_ciudadanos\\app\\Views\\ciudadanos.php')
 3 SYSTEMPATH\View\View.php(237): CodeIgniter\View\View->CodeIgniter\View\{closure}()
 4 SYSTEMPATH\Common.php(1171): CodeIgniter\View\View->render('ciudadanos', [], true)
 5 APPPATH\Controllers\CiudadanosController.php(11): view('ciudadanos', [...])
 6 SYSTEMPATH\CodeIgniter.php(933): App\Controllers\CiudadanosController->index()
 7 SYSTEMPATH\CodeIgniter.php(509): CodeIgniter\CodeIgniter->runController(Object(App\Controllers\CiudadanosController))
 8 SYSTEMPATH\CodeIgniter.php(355): CodeIgniter\CodeIgniter->handleRequest(null, Object(Config\Cache), false)
 9 SYSTEMPATH\Boot.php(325): CodeIgniter\CodeIgniter->run()
10 SYSTEMPATH\Boot.php(67): CodeIgniter\Boot::runCodeIgniter(Object(CodeIgniter\CodeIgniter))
11 FCPATH\index.php(56): CodeIgniter\Boot::bootWeb(Object(Config\Paths))
CRITICAL - 2024-07-22 14:37:49 --> ErrorException: Undefined variable $cliente
[Method: GET, Route: ciudadanos]
in APPPATH\Views\ciudadanos.php on line 70.
 1 APPPATH\Views\ciudadanos.php(70): CodeIgniter\Debug\Exceptions->errorHandler(2, 'Undefined variable $cliente', 'C:\\xampp\\htdocs\\fs2024\\ci4_ciudadanos\\app\\Views\\ciudadanos.php', 70)
 2 SYSTEMPATH\View\View.php(234): include('C:\\xampp\\htdocs\\fs2024\\ci4_ciudadanos\\app\\Views\\ciudadanos.php')
 3 SYSTEMPATH\View\View.php(237): CodeIgniter\View\View->CodeIgniter\View\{closure}()
 4 SYSTEMPATH\Common.php(1171): CodeIgniter\View\View->render('ciudadanos', [], true)
 5 APPPATH\Controllers\CiudadanosController.php(11): view('ciudadanos', [...])
 6 SYSTEMPATH\CodeIgniter.php(933): App\Controllers\CiudadanosController->index()
 7 SYSTEMPATH\CodeIgniter.php(509): CodeIgniter\CodeIgniter->runController(Object(App\Controllers\CiudadanosController))
 8 SYSTEMPATH\CodeIgniter.php(355): CodeIgniter\CodeIgniter->handleRequest(null, Object(Config\Cache), false)
 9 SYSTEMPATH\Boot.php(325): CodeIgniter\CodeIgniter->run()
10 SYSTEMPATH\Boot.php(67): CodeIgniter\Boot::runCodeIgniter(Object(CodeIgniter\CodeIgniter))
11 FCPATH\index.php(56): CodeIgniter\Boot::bootWeb(Object(Config\Paths))
CRITICAL - 2024-07-22 14:51:35 --> BadMethodCallException: Call to undefined method App\Models\NivelesModel::delte
[Method: GET, Route: eliminar_nivel/11]
in SYSTEMPATH\Model.php on line 932.
 1 APPPATH\Controllers\NivelesController.php(33): CodeIgniter\Model->__call('delte', [...])
 2 SYSTEMPATH\CodeIgniter.php(933): App\Controllers\NivelesController->eliminarNivel('11')
 3 SYSTEMPATH\CodeIgniter.php(509): CodeIgniter\CodeIgniter->runController(Object(App\Controllers\NivelesController))
 4 SYSTEMPATH\CodeIgniter.php(355): CodeIgniter\CodeIgniter->handleRequest(null, Object(Config\Cache), false)
 5 SYSTEMPATH\Boot.php(325): CodeIgniter\CodeIgniter->run()
 6 SYSTEMPATH\Boot.php(67): CodeIgniter\Boot::runCodeIgniter(Object(CodeIgniter\CodeIgniter))
 7 FCPATH\index.php(56): CodeIgniter\Boot::bootWeb(Object(Config\Paths))
CRITICAL - 2024-07-22 14:53:57 --> ErrorException: Undefined variable $ciudadano
[Method: GET, Route: municipios]
in APPPATH\Views\municipios.php on line 51.
 1 APPPATH\Views\municipios.php(51): CodeIgniter\Debug\Exceptions->errorHandler(2, 'Undefined variable $ciudadano', 'C:\\xampp\\htdocs\\fs2024\\ci4_ciudadanos\\app\\Views\\municipios.php', 51)
 2 SYSTEMPATH\View\View.php(234): include('C:\\xampp\\htdocs\\fs2024\\ci4_ciudadanos\\app\\Views\\municipios.php')
 3 SYSTEMPATH\View\View.php(237): CodeIgniter\View\View->CodeIgniter\View\{closure}()
 4 SYSTEMPATH\Common.php(1171): CodeIgniter\View\View->render('municipios', [], true)
 5 APPPATH\Controllers\MunicipiosController.php(13): view('municipios', [...])
 6 SYSTEMPATH\CodeIgniter.php(933): App\Controllers\MunicipiosController->index()
 7 SYSTEMPATH\CodeIgniter.php(509): CodeIgniter\CodeIgniter->runController(Object(App\Controllers\MunicipiosController))
 8 SYSTEMPATH\CodeIgniter.php(355): CodeIgniter\CodeIgniter->handleRequest(null, Object(Config\Cache), false)
 9 SYSTEMPATH\Boot.php(325): CodeIgniter\CodeIgniter->run()
10 SYSTEMPATH\Boot.php(67): CodeIgniter\Boot::runCodeIgniter(Object(CodeIgniter\CodeIgniter))
11 FCPATH\index.php(56): CodeIgniter\Boot::bootWeb(Object(Config\Paths))
ERROR - 2024-07-22 15:10:19 --> mysqli_sql_exception: Column 'cod_nivel_acad' cannot be null in C:\xampp\htdocs\fs2024\ci4_ciudadanos\system\Database\MySQLi\Connection.php:312
Stack trace:
#0 C:\xampp\htdocs\fs2024\ci4_ciudadanos\system\Database\MySQLi\Connection.php(312): mysqli->query('INSERT INTO `ni...', 0)
#1 C:\xampp\htdocs\fs2024\ci4_ciudadanos\system\Database\BaseConnection.php(734): CodeIgniter\Database\MySQLi\Connection->execute('INSERT INTO `ni...')
#2 C:\xampp\htdocs\fs2024\ci4_ciudadanos\system\Database\BaseConnection.php(648): CodeIgniter\Database\BaseConnection->simpleQuery('INSERT INTO `ni...')
#3 C:\xampp\htdocs\fs2024\ci4_ciudadanos\system\Database\BaseBuilder.php(2332): CodeIgniter\Database\BaseConnection->query('INSERT INTO `ni...', Array, false)
#4 C:\xampp\htdocs\fs2024\ci4_ciudadanos\system\Model.php(394): CodeIgniter\Database\BaseBuilder->insert()
#5 C:\xampp\htdocs\fs2024\ci4_ciudadanos\system\BaseModel.php(840): CodeIgniter\Model->doInsert(Array)
#6 C:\xampp\htdocs\fs2024\ci4_ciudadanos\system\Model.php(802): CodeIgniter\BaseModel->insert(Array, true)
#7 C:\xampp\htdocs\fs2024\ci4_ciudadanos\app\Controllers\NivelesController.php(26): CodeIgniter\Model->insert(Array)
#8 C:\xampp\htdocs\fs2024\ci4_ciudadanos\system\CodeIgniter.php(933): App\Controllers\NivelesController->agregarNivel()
#9 C:\xampp\htdocs\fs2024\ci4_ciudadanos\system\CodeIgniter.php(509): CodeIgniter\CodeIgniter->runController(Object(App\Controllers\NivelesController))
#10 C:\xampp\htdocs\fs2024\ci4_ciudadanos\system\CodeIgniter.php(355): CodeIgniter\CodeIgniter->handleRequest(NULL, Object(Config\Cache), false)
#11 C:\xampp\htdocs\fs2024\ci4_ciudadanos\system\Boot.php(325): CodeIgniter\CodeIgniter->run()
#12 C:\xampp\htdocs\fs2024\ci4_ciudadanos\system\Boot.php(67): CodeIgniter\Boot::runCodeIgniter(Object(CodeIgniter\CodeIgniter))
#13 C:\xampp\htdocs\fs2024\ci4_ciudadanos\public\index.php(56): CodeIgniter\Boot::bootWeb(Object(Config\Paths))
#14 {main}
CRITICAL - 2024-07-22 15:10:19 --> CodeIgniter\Database\Exceptions\DatabaseException: Column 'cod_nivel_acad' cannot be null
[Method: POST, Route: agregar_nivel]
in SYSTEMPATH\Database\BaseConnection.php on line 688.
 1 SYSTEMPATH\Database\BaseBuilder.php(2332): CodeIgniter\Database\BaseConnection->query('INSERT INTO `nivelesacademicos` (`cod_nivel_acad`, `nombre`, `descripcion`) VALUES (:cod_nivel_acad:, :nombre:, :descripcion:)', [...], false)
 2 SYSTEMPATH\Model.php(394): CodeIgniter\Database\BaseBuilder->insert()
 3 SYSTEMPATH\BaseModel.php(840): CodeIgniter\Model->doInsert([...])
 4 SYSTEMPATH\Model.php(802): CodeIgniter\BaseModel->insert([...], true)
 5 APPPATH\Controllers\NivelesController.php(26): CodeIgniter\Model->insert([...])
 6 SYSTEMPATH\CodeIgniter.php(933): App\Controllers\NivelesController->agregarNivel()
 7 SYSTEMPATH\CodeIgniter.php(509): CodeIgniter\CodeIgniter->runController(Object(App\Controllers\NivelesController))
 8 SYSTEMPATH\CodeIgniter.php(355): CodeIgniter\CodeIgniter->handleRequest(null, Object(Config\Cache), false)
 9 SYSTEMPATH\Boot.php(325): CodeIgniter\CodeIgniter->run()
10 SYSTEMPATH\Boot.php(67): CodeIgniter\Boot::runCodeIgniter(Object(CodeIgniter\CodeIgniter))
11 FCPATH\index.php(56): CodeIgniter\Boot::bootWeb(Object(Config\Paths))
CRITICAL - 2024-07-22 15:10:19 --> [Caused by] CodeIgniter\Database\Exceptions\DatabaseException: Column 'cod_nivel_acad' cannot be null
in SYSTEMPATH\Database\MySQLi\Connection.php on line 317.
 1 SYSTEMPATH\Database\BaseConnection.php(734): CodeIgniter\Database\MySQLi\Connection->execute('INSERT INTO `nivelesacademicos` (`cod_nivel_acad`, `nombre`, `descripcion`) VALUES (NULL, \'Inventado\', NULL)')
 2 SYSTEMPATH\Database\BaseConnection.php(648): CodeIgniter\Database\BaseConnection->simpleQuery('INSERT INTO `nivelesacademicos` (`cod_nivel_acad`, `nombre`, `descripcion`) VALUES (NULL, \'Inventado\', NULL)')
 3 SYSTEMPATH\Database\BaseBuilder.php(2332): CodeIgniter\Database\BaseConnection->query('INSERT INTO `nivelesacademicos` (`cod_nivel_acad`, `nombre`, `descripcion`) VALUES (:cod_nivel_acad:, :nombre:, :descripcion:)', [...], false)
 4 SYSTEMPATH\Model.php(394): CodeIgniter\Database\BaseBuilder->insert()
 5 SYSTEMPATH\BaseModel.php(840): CodeIgniter\Model->doInsert([...])
 6 SYSTEMPATH\Model.php(802): CodeIgniter\BaseModel->insert([...], true)
 7 APPPATH\Controllers\NivelesController.php(26): CodeIgniter\Model->insert([...])
 8 SYSTEMPATH\CodeIgniter.php(933): App\Controllers\NivelesController->agregarNivel()
 9 SYSTEMPATH\CodeIgniter.php(509): CodeIgniter\CodeIgniter->runController(Object(App\Controllers\NivelesController))
10 SYSTEMPATH\CodeIgniter.php(355): CodeIgniter\CodeIgniter->handleRequest(null, Object(Config\Cache), false)
11 SYSTEMPATH\Boot.php(325): CodeIgniter\CodeIgniter->run()
12 SYSTEMPATH\Boot.php(67): CodeIgniter\Boot::runCodeIgniter(Object(CodeIgniter\CodeIgniter))
13 FCPATH\index.php(56): CodeIgniter\Boot::bootWeb(Object(Config\Paths))
CRITICAL - 2024-07-22 15:10:19 --> [Caused by] mysqli_sql_exception: Column 'cod_nivel_acad' cannot be null
in SYSTEMPATH\Database\MySQLi\Connection.php on line 312.
 1 SYSTEMPATH\Database\MySQLi\Connection.php(312): mysqli->query('INSERT INTO `nivelesacademicos` (`cod_nivel_acad`, `nombre`, `descripcion`) VALUES (NULL, \'Inventado\', NULL)', 0)
 2 SYSTEMPATH\Database\BaseConnection.php(734): CodeIgniter\Database\MySQLi\Connection->execute('INSERT INTO `nivelesacademicos` (`cod_nivel_acad`, `nombre`, `descripcion`) VALUES (NULL, \'Inventado\', NULL)')
 3 SYSTEMPATH\Database\BaseConnection.php(648): CodeIgniter\Database\BaseConnection->simpleQuery('INSERT INTO `nivelesacademicos` (`cod_nivel_acad`, `nombre`, `descripcion`) VALUES (NULL, \'Inventado\', NULL)')
 4 SYSTEMPATH\Database\BaseBuilder.php(2332): CodeIgniter\Database\BaseConnection->query('INSERT INTO `nivelesacademicos` (`cod_nivel_acad`, `nombre`, `descripcion`) VALUES (:cod_nivel_acad:, :nombre:, :descripcion:)', [...], false)
 5 SYSTEMPATH\Model.php(394): CodeIgniter\Database\BaseBuilder->insert()
 6 SYSTEMPATH\BaseModel.php(840): CodeIgniter\Model->doInsert([...])
 7 SYSTEMPATH\Model.php(802): CodeIgniter\BaseModel->insert([...], true)
 8 APPPATH\Controllers\NivelesController.php(26): CodeIgniter\Model->insert([...])
 9 SYSTEMPATH\CodeIgniter.php(933): App\Controllers\NivelesController->agregarNivel()
10 SYSTEMPATH\CodeIgniter.php(509): CodeIgniter\CodeIgniter->runController(Object(App\Controllers\NivelesController))
11 SYSTEMPATH\CodeIgniter.php(355): CodeIgniter\CodeIgniter->handleRequest(null, Object(Config\Cache), false)
12 SYSTEMPATH\Boot.php(325): CodeIgniter\CodeIgniter->run()
13 SYSTEMPATH\Boot.php(67): CodeIgniter\Boot::runCodeIgniter(Object(CodeIgniter\CodeIgniter))
14 FCPATH\index.php(56): CodeIgniter\Boot::bootWeb(Object(Config\Paths))
CRITICAL - 2024-07-22 15:21:56 --> ErrorException: Undefined variable $nivel
[Method: GET, Route: departamentos]
in APPPATH\Views\departamentos.php on line 54.
 1 APPPATH\Views\departamentos.php(54): CodeIgniter\Debug\Exceptions->errorHandler(2, 'Undefined variable $nivel', 'C:\\xampp\\htdocs\\fs2024\\ci4_ciudadanos\\app\\Views\\departamentos.php', 54)
 2 SYSTEMPATH\View\View.php(234): include('C:\\xampp\\htdocs\\fs2024\\ci4_ciudadanos\\app\\Views\\departamentos.php')
 3 SYSTEMPATH\View\View.php(237): CodeIgniter\View\View->CodeIgniter\View\{closure}()
 4 SYSTEMPATH\Common.php(1171): CodeIgniter\View\View->render('departamentos', [], true)
 5 APPPATH\Controllers\DepartamentosController.php(13): view('departamentos', [...])
 6 SYSTEMPATH\CodeIgniter.php(933): App\Controllers\DepartamentosController->index()
 7 SYSTEMPATH\CodeIgniter.php(509): CodeIgniter\CodeIgniter->runController(Object(App\Controllers\DepartamentosController))
 8 SYSTEMPATH\CodeIgniter.php(355): CodeIgniter\CodeIgniter->handleRequest(null, Object(Config\Cache), false)
 9 SYSTEMPATH\Boot.php(325): CodeIgniter\CodeIgniter->run()
10 SYSTEMPATH\Boot.php(67): CodeIgniter\Boot::runCodeIgniter(Object(CodeIgniter\CodeIgniter))
11 FCPATH\index.php(56): CodeIgniter\Boot::bootWeb(Object(Config\Paths))
ERROR - 2024-07-22 15:41:26 --> mysqli_sql_exception: Cannot add or update a child row: a foreign key constraint fails (`fs2024_ciudadanos`.`departamentos`, CONSTRAINT `departamentos_ibfk_1` FOREIGN KEY (`cod_region`) REFERENCES `regiones` (`cod_region`) ON DELETE CASCADE ON UPDATE CASCADE) in C:\xampp\htdocs\fs2024\ci4_ciudadanos\system\Database\MySQLi\Connection.php:312
Stack trace:
#0 C:\xampp\htdocs\fs2024\ci4_ciudadanos\system\Database\MySQLi\Connection.php(312): mysqli->query('INSERT INTO `de...', 0)
#1 C:\xampp\htdocs\fs2024\ci4_ciudadanos\system\Database\BaseConnection.php(734): CodeIgniter\Database\MySQLi\Connection->execute('INSERT INTO `de...')
#2 C:\xampp\htdocs\fs2024\ci4_ciudadanos\system\Database\BaseConnection.php(648): CodeIgniter\Database\BaseConnection->simpleQuery('INSERT INTO `de...')
#3 C:\xampp\htdocs\fs2024\ci4_ciudadanos\system\Database\BaseBuilder.php(2332): CodeIgniter\Database\BaseConnection->query('INSERT INTO `de...', Array, false)
#4 C:\xampp\htdocs\fs2024\ci4_ciudadanos\system\Model.php(394): CodeIgniter\Database\BaseBuilder->insert()
#5 C:\xampp\htdocs\fs2024\ci4_ciudadanos\system\BaseModel.php(840): CodeIgniter\Model->doInsert(Array)
#6 C:\xampp\htdocs\fs2024\ci4_ciudadanos\system\Model.php(802): CodeIgniter\BaseModel->insert(Array, true)
#7 C:\xampp\htdocs\fs2024\ci4_ciudadanos\app\Controllers\DepartamentosController.php(26): CodeIgniter\Model->insert(Array)
#8 C:\xampp\htdocs\fs2024\ci4_ciudadanos\system\CodeIgniter.php(933): App\Controllers\DepartamentosController->agregarDepartamento()
#9 C:\xampp\htdocs\fs2024\ci4_ciudadanos\system\CodeIgniter.php(509): CodeIgniter\CodeIgniter->runController(Object(App\Controllers\DepartamentosController))
#10 C:\xampp\htdocs\fs2024\ci4_ciudadanos\system\CodeIgniter.php(355): CodeIgniter\CodeIgniter->handleRequest(NULL, Object(Config\Cache), false)
#11 C:\xampp\htdocs\fs2024\ci4_ciudadanos\system\Boot.php(325): CodeIgniter\CodeIgniter->run()
#12 C:\xampp\htdocs\fs2024\ci4_ciudadanos\system\Boot.php(67): CodeIgniter\Boot::runCodeIgniter(Object(CodeIgniter\CodeIgniter))
#13 C:\xampp\htdocs\fs2024\ci4_ciudadanos\public\index.php(56): CodeIgniter\Boot::bootWeb(Object(Config\Paths))
#14 {main}
CRITICAL - 2024-07-22 15:41:26 --> CodeIgniter\Database\Exceptions\DatabaseException: Cannot add or update a child row: a foreign key constraint fails (`fs2024_ciudadanos`.`departamentos`, CONSTRAINT `departamentos_ibfk_1` FOREIGN KEY (`cod_region`) REFERENCES `regiones` (`cod_region`) ON DELETE CASCADE ON UPDATE CASCADE)
[Method: POST, Route: agregar_departamento]
in SYSTEMPATH\Database\BaseConnection.php on line 688.
 1 SYSTEMPATH\Database\BaseBuilder.php(2332): CodeIgniter\Database\BaseConnection->query('INSERT INTO `departamentos` (`cod_depto`, `nombre_depto`, `cod_region`) VALUES (:cod_depto:, :nombre_depto:, :cod_region:)', [...], false)
 2 SYSTEMPATH\Model.php(394): CodeIgniter\Database\BaseBuilder->insert()
 3 SYSTEMPATH\BaseModel.php(840): CodeIgniter\Model->doInsert([...])
 4 SYSTEMPATH\Model.php(802): CodeIgniter\BaseModel->insert([...], true)
 5 APPPATH\Controllers\DepartamentosController.php(26): CodeIgniter\Model->insert([...])
 6 SYSTEMPATH\CodeIgniter.php(933): App\Controllers\DepartamentosController->agregarDepartamento()
 7 SYSTEMPATH\CodeIgniter.php(509): CodeIgniter\CodeIgniter->runController(Object(App\Controllers\DepartamentosController))
 8 SYSTEMPATH\CodeIgniter.php(355): CodeIgniter\CodeIgniter->handleRequest(null, Object(Config\Cache), false)
 9 SYSTEMPATH\Boot.php(325): CodeIgniter\CodeIgniter->run()
10 SYSTEMPATH\Boot.php(67): CodeIgniter\Boot::runCodeIgniter(Object(CodeIgniter\CodeIgniter))
11 FCPATH\index.php(56): CodeIgniter\Boot::bootWeb(Object(Config\Paths))
CRITICAL - 2024-07-22 15:41:26 --> [Caused by] CodeIgniter\Database\Exceptions\DatabaseException: Cannot add or update a child row: a foreign key constraint fails (`fs2024_ciudadanos`.`departamentos`, CONSTRAINT `departamentos_ibfk_1` FOREIGN KEY (`cod_region`) REFERENCES `regiones` (`cod_region`) ON DELETE CASCADE ON UPDATE CASCADE)
in SYSTEMPATH\Database\MySQLi\Connection.php on line 317.
 1 SYSTEMPATH\Database\BaseConnection.php(734): CodeIgniter\Database\MySQLi\Connection->execute('INSERT INTO `departamentos` (`cod_depto`, `nombre_depto`, `cod_region`) VALUES (\'26\', \'Nuevo\', \'10\')')
 2 SYSTEMPATH\Database\BaseConnection.php(648): CodeIgniter\Database\BaseConnection->simpleQuery('INSERT INTO `departamentos` (`cod_depto`, `nombre_depto`, `cod_region`) VALUES (\'26\', \'Nuevo\', \'10\')')
 3 SYSTEMPATH\Database\BaseBuilder.php(2332): CodeIgniter\Database\BaseConnection->query('INSERT INTO `departamentos` (`cod_depto`, `nombre_depto`, `cod_region`) VALUES (:cod_depto:, :nombre_depto:, :cod_region:)', [...], false)
 4 SYSTEMPATH\Model.php(394): CodeIgniter\Database\BaseBuilder->insert()
 5 SYSTEMPATH\BaseModel.php(840): CodeIgniter\Model->doInsert([...])
 6 SYSTEMPATH\Model.php(802): CodeIgniter\BaseModel->insert([...], true)
 7 APPPATH\Controllers\DepartamentosController.php(26): CodeIgniter\Model->insert([...])
 8 SYSTEMPATH\CodeIgniter.php(933): App\Controllers\DepartamentosController->agregarDepartamento()
 9 SYSTEMPATH\CodeIgniter.php(509): CodeIgniter\CodeIgniter->runController(Object(App\Controllers\DepartamentosController))
10 SYSTEMPATH\CodeIgniter.php(355): CodeIgniter\CodeIgniter->handleRequest(null, Object(Config\Cache), false)
11 SYSTEMPATH\Boot.php(325): CodeIgniter\CodeIgniter->run()
12 SYSTEMPATH\Boot.php(67): CodeIgniter\Boot::runCodeIgniter(Object(CodeIgniter\CodeIgniter))
13 FCPATH\index.php(56): CodeIgniter\Boot::bootWeb(Object(Config\Paths))
CRITICAL - 2024-07-22 15:41:26 --> [Caused by] mysqli_sql_exception: Cannot add or update a child row: a foreign key constraint fails (`fs2024_ciudadanos`.`departamentos`, CONSTRAINT `departamentos_ibfk_1` FOREIGN KEY (`cod_region`) REFERENCES `regiones` (`cod_region`) ON DELETE CASCADE ON UPDATE CASCADE)
in SYSTEMPATH\Database\MySQLi\Connection.php on line 312.
 1 SYSTEMPATH\Database\MySQLi\Connection.php(312): mysqli->query('INSERT INTO `departamentos` (`cod_depto`, `nombre_depto`, `cod_region`) VALUES (\'26\', \'Nuevo\', \'10\')', 0)
 2 SYSTEMPATH\Database\BaseConnection.php(734): CodeIgniter\Database\MySQLi\Connection->execute('INSERT INTO `departamentos` (`cod_depto`, `nombre_depto`, `cod_region`) VALUES (\'26\', \'Nuevo\', \'10\')')
 3 SYSTEMPATH\Database\BaseConnection.php(648): CodeIgniter\Database\BaseConnection->simpleQuery('INSERT INTO `departamentos` (`cod_depto`, `nombre_depto`, `cod_region`) VALUES (\'26\', \'Nuevo\', \'10\')')
 4 SYSTEMPATH\Database\BaseBuilder.php(2332): CodeIgniter\Database\BaseConnection->query('INSERT INTO `departamentos` (`cod_depto`, `nombre_depto`, `cod_region`) VALUES (:cod_depto:, :nombre_depto:, :cod_region:)', [...], false)
 5 SYSTEMPATH\Model.php(394): CodeIgniter\Database\BaseBuilder->insert()
 6 SYSTEMPATH\BaseModel.php(840): CodeIgniter\Model->doInsert([...])
 7 SYSTEMPATH\Model.php(802): CodeIgniter\BaseModel->insert([...], true)
 8 APPPATH\Controllers\DepartamentosController.php(26): CodeIgniter\Model->insert([...])
 9 SYSTEMPATH\CodeIgniter.php(933): App\Controllers\DepartamentosController->agregarDepartamento()
10 SYSTEMPATH\CodeIgniter.php(509): CodeIgniter\CodeIgniter->runController(Object(App\Controllers\DepartamentosController))
11 SYSTEMPATH\CodeIgniter.php(355): CodeIgniter\CodeIgniter->handleRequest(null, Object(Config\Cache), false)
12 SYSTEMPATH\Boot.php(325): CodeIgniter\CodeIgniter->run()
13 SYSTEMPATH\Boot.php(67): CodeIgniter\Boot::runCodeIgniter(Object(CodeIgniter\CodeIgniter))
14 FCPATH\index.php(56): CodeIgniter\Boot::bootWeb(Object(Config\Paths))
CRITICAL - 2024-07-22 15:41:40 --> ErrorException: Attempt to read property "26" on string
[Method: GET, Route: eliminar_departamento/26]
in APPPATH\Controllers\DepartamentosController.php on line 33.
 1 APPPATH\Controllers\DepartamentosController.php(33): CodeIgniter\Debug\Exceptions->errorHandler(2, 'Attempt to read property "26" on string', 'C:\\xampp\\htdocs\\fs2024\\ci4_ciudadanos\\app\\Controllers\\DepartamentosController.php', 33)
 2 SYSTEMPATH\CodeIgniter.php(933): App\Controllers\DepartamentosController->eliminarDepartamento('26')
 3 SYSTEMPATH\CodeIgniter.php(509): CodeIgniter\CodeIgniter->runController(Object(App\Controllers\DepartamentosController))
 4 SYSTEMPATH\CodeIgniter.php(355): CodeIgniter\CodeIgniter->handleRequest(null, Object(Config\Cache), false)
 5 SYSTEMPATH\Boot.php(325): CodeIgniter\CodeIgniter->run()
 6 SYSTEMPATH\Boot.php(67): CodeIgniter\Boot::runCodeIgniter(Object(CodeIgniter\CodeIgniter))
 7 FCPATH\index.php(56): CodeIgniter\Boot::bootWeb(Object(Config\Paths))
ERROR - 2024-07-22 16:01:04 --> mysqli_sql_exception: Column 'cod_nivel_acad' cannot be null in C:\xampp\htdocs\fs2024\ci4_ciudadanos\system\Database\MySQLi\Connection.php:312
Stack trace:
#0 C:\xampp\htdocs\fs2024\ci4_ciudadanos\system\Database\MySQLi\Connection.php(312): mysqli->query('INSERT INTO `ni...', 0)
#1 C:\xampp\htdocs\fs2024\ci4_ciudadanos\system\Database\BaseConnection.php(734): CodeIgniter\Database\MySQLi\Connection->execute('INSERT INTO `ni...')
#2 C:\xampp\htdocs\fs2024\ci4_ciudadanos\system\Database\BaseConnection.php(648): CodeIgniter\Database\BaseConnection->simpleQuery('INSERT INTO `ni...')
#3 C:\xampp\htdocs\fs2024\ci4_ciudadanos\system\Database\BaseBuilder.php(2332): CodeIgniter\Database\BaseConnection->query('INSERT INTO `ni...', Array, false)
#4 C:\xampp\htdocs\fs2024\ci4_ciudadanos\system\Model.php(394): CodeIgniter\Database\BaseBuilder->insert()
#5 C:\xampp\htdocs\fs2024\ci4_ciudadanos\system\BaseModel.php(840): CodeIgniter\Model->doInsert(Array)
#6 C:\xampp\htdocs\fs2024\ci4_ciudadanos\system\Model.php(802): CodeIgniter\BaseModel->insert(Array, true)
#7 C:\xampp\htdocs\fs2024\ci4_ciudadanos\app\Controllers\NivelesController.php(26): CodeIgniter\Model->insert(Array)
#8 C:\xampp\htdocs\fs2024\ci4_ciudadanos\system\CodeIgniter.php(933): App\Controllers\NivelesController->agregarNivel()
#9 C:\xampp\htdocs\fs2024\ci4_ciudadanos\system\CodeIgniter.php(509): CodeIgniter\CodeIgniter->runController(Object(App\Controllers\NivelesController))
#10 C:\xampp\htdocs\fs2024\ci4_ciudadanos\system\CodeIgniter.php(355): CodeIgniter\CodeIgniter->handleRequest(NULL, Object(Config\Cache), false)
#11 C:\xampp\htdocs\fs2024\ci4_ciudadanos\system\Boot.php(325): CodeIgniter\CodeIgniter->run()
#12 C:\xampp\htdocs\fs2024\ci4_ciudadanos\system\Boot.php(67): CodeIgniter\Boot::runCodeIgniter(Object(CodeIgniter\CodeIgniter))
#13 C:\xampp\htdocs\fs2024\ci4_ciudadanos\public\index.php(56): CodeIgniter\Boot::bootWeb(Object(Config\Paths))
#14 {main}
CRITICAL - 2024-07-22 16:01:04 --> CodeIgniter\Database\Exceptions\DatabaseException: Column 'cod_nivel_acad' cannot be null
[Method: POST, Route: agregar_nivel]
in SYSTEMPATH\Database\BaseConnection.php on line 688.
 1 SYSTEMPATH\Database\BaseBuilder.php(2332): CodeIgniter\Database\BaseConnection->query('INSERT INTO `nivelesacademicos` (`cod_nivel_acad`, `nombre`, `descripcion`) VALUES (:cod_nivel_acad:, :nombre:, :descripcion:)', [...], false)
 2 SYSTEMPATH\Model.php(394): CodeIgniter\Database\BaseBuilder->insert()
 3 SYSTEMPATH\BaseModel.php(840): CodeIgniter\Model->doInsert([...])
 4 SYSTEMPATH\Model.php(802): CodeIgniter\BaseModel->insert([...], true)
 5 APPPATH\Controllers\NivelesController.php(26): CodeIgniter\Model->insert([...])
 6 SYSTEMPATH\CodeIgniter.php(933): App\Controllers\NivelesController->agregarNivel()
 7 SYSTEMPATH\CodeIgniter.php(509): CodeIgniter\CodeIgniter->runController(Object(App\Controllers\NivelesController))
 8 SYSTEMPATH\CodeIgniter.php(355): CodeIgniter\CodeIgniter->handleRequest(null, Object(Config\Cache), false)
 9 SYSTEMPATH\Boot.php(325): CodeIgniter\CodeIgniter->run()
10 SYSTEMPATH\Boot.php(67): CodeIgniter\Boot::runCodeIgniter(Object(CodeIgniter\CodeIgniter))
11 FCPATH\index.php(56): CodeIgniter\Boot::bootWeb(Object(Config\Paths))
CRITICAL - 2024-07-22 16:01:04 --> [Caused by] CodeIgniter\Database\Exceptions\DatabaseException: Column 'cod_nivel_acad' cannot be null
in SYSTEMPATH\Database\MySQLi\Connection.php on line 317.
 1 SYSTEMPATH\Database\BaseConnection.php(734): CodeIgniter\Database\MySQLi\Connection->execute('INSERT INTO `nivelesacademicos` (`cod_nivel_acad`, `nombre`, `descripcion`) VALUES (NULL, \'Inventado\', \'Región nueva\')')
 2 SYSTEMPATH\Database\BaseConnection.php(648): CodeIgniter\Database\BaseConnection->simpleQuery('INSERT INTO `nivelesacademicos` (`cod_nivel_acad`, `nombre`, `descripcion`) VALUES (NULL, \'Inventado\', \'Región nueva\')')
 3 SYSTEMPATH\Database\BaseBuilder.php(2332): CodeIgniter\Database\BaseConnection->query('INSERT INTO `nivelesacademicos` (`cod_nivel_acad`, `nombre`, `descripcion`) VALUES (:cod_nivel_acad:, :nombre:, :descripcion:)', [...], false)
 4 SYSTEMPATH\Model.php(394): CodeIgniter\Database\BaseBuilder->insert()
 5 SYSTEMPATH\BaseModel.php(840): CodeIgniter\Model->doInsert([...])
 6 SYSTEMPATH\Model.php(802): CodeIgniter\BaseModel->insert([...], true)
 7 APPPATH\Controllers\NivelesController.php(26): CodeIgniter\Model->insert([...])
 8 SYSTEMPATH\CodeIgniter.php(933): App\Controllers\NivelesController->agregarNivel()
 9 SYSTEMPATH\CodeIgniter.php(509): CodeIgniter\CodeIgniter->runController(Object(App\Controllers\NivelesController))
10 SYSTEMPATH\CodeIgniter.php(355): CodeIgniter\CodeIgniter->handleRequest(null, Object(Config\Cache), false)
11 SYSTEMPATH\Boot.php(325): CodeIgniter\CodeIgniter->run()
12 SYSTEMPATH\Boot.php(67): CodeIgniter\Boot::runCodeIgniter(Object(CodeIgniter\CodeIgniter))
13 FCPATH\index.php(56): CodeIgniter\Boot::bootWeb(Object(Config\Paths))
CRITICAL - 2024-07-22 16:01:04 --> [Caused by] mysqli_sql_exception: Column 'cod_nivel_acad' cannot be null
in SYSTEMPATH\Database\MySQLi\Connection.php on line 312.
 1 SYSTEMPATH\Database\MySQLi\Connection.php(312): mysqli->query('INSERT INTO `nivelesacademicos` (`cod_nivel_acad`, `nombre`, `descripcion`) VALUES (NULL, \'Inventado\', \'Región nueva\')', 0)
 2 SYSTEMPATH\Database\BaseConnection.php(734): CodeIgniter\Database\MySQLi\Connection->execute('INSERT INTO `nivelesacademicos` (`cod_nivel_acad`, `nombre`, `descripcion`) VALUES (NULL, \'Inventado\', \'Región nueva\')')
 3 SYSTEMPATH\Database\BaseConnection.php(648): CodeIgniter\Database\BaseConnection->simpleQuery('INSERT INTO `nivelesacademicos` (`cod_nivel_acad`, `nombre`, `descripcion`) VALUES (NULL, \'Inventado\', \'Región nueva\')')
 4 SYSTEMPATH\Database\BaseBuilder.php(2332): CodeIgniter\Database\BaseConnection->query('INSERT INTO `nivelesacademicos` (`cod_nivel_acad`, `nombre`, `descripcion`) VALUES (:cod_nivel_acad:, :nombre:, :descripcion:)', [...], false)
 5 SYSTEMPATH\Model.php(394): CodeIgniter\Database\BaseBuilder->insert()
 6 SYSTEMPATH\BaseModel.php(840): CodeIgniter\Model->doInsert([...])
 7 SYSTEMPATH\Model.php(802): CodeIgniter\BaseModel->insert([...], true)
 8 APPPATH\Controllers\NivelesController.php(26): CodeIgniter\Model->insert([...])
 9 SYSTEMPATH\CodeIgniter.php(933): App\Controllers\NivelesController->agregarNivel()
10 SYSTEMPATH\CodeIgniter.php(509): CodeIgniter\CodeIgniter->runController(Object(App\Controllers\NivelesController))
11 SYSTEMPATH\CodeIgniter.php(355): CodeIgniter\CodeIgniter->handleRequest(null, Object(Config\Cache), false)
12 SYSTEMPATH\Boot.php(325): CodeIgniter\CodeIgniter->run()
13 SYSTEMPATH\Boot.php(67): CodeIgniter\Boot::runCodeIgniter(Object(CodeIgniter\CodeIgniter))
14 FCPATH\index.php(56): CodeIgniter\Boot::bootWeb(Object(Config\Paths))
