CRITICAL - 2024-07-19 14:59:48 --> Error: Call to undefined method CodeIgniter\Router\RouteCollection::gpost()
[Method: GET, Route: ciudadanos]
in APPPATH\Config\Routes.php on line 16.
 1 SYSTEMPATH\Router\RouteCollection.php(340): require()
 2 SYSTEMPATH\CodeIgniter.php(823): CodeIgniter\Router\RouteCollection->loadRoutes()
 3 SYSTEMPATH\CodeIgniter.php(457): CodeIgniter\CodeIgniter->tryToRouteIt(null)
 4 SYSTEMPATH\CodeIgniter.php(355): CodeIgniter\CodeIgniter->handleRequest(null, Object(Config\Cache), false)
 5 SYSTEMPATH\Boot.php(325): CodeIgniter\CodeIgniter->run()
 6 SYSTEMPATH\Boot.php(67): CodeIgniter\Boot::runCodeIgniter(Object(CodeIgniter\CodeIgniter))
 7 FCPATH\index.php(56): CodeIgniter\Boot::bootWeb(Object(Config\Paths))
CRITICAL - 2024-07-19 15:00:09 --> ParseError: syntax error, unexpected identifier "redirect"
[Method: GET, Route: ciudadanos]
in APPPATH\Controllers\CiudadanosController.php on line 35.
 1 SYSTEMPATH\Autoloader\Autoloader.php(296): CodeIgniter\Autoloader\Autoloader->includeFile('C:\\xampp\\htdocs\\fs2024\\ci4_ciudadanos\\app\\Controllers\\CiudadanosController.php')
 2 SYSTEMPATH\Autoloader\Autoloader.php(272): CodeIgniter\Autoloader\Autoloader->loadInNamespace('App\\Controllers\\CiudadanosController')
 3 [internal function]: CodeIgniter\Autoloader\Autoloader->loadClass('App\\Controllers\\CiudadanosController')
 4 SYSTEMPATH\CodeIgniter.php(887): class_exists('\\App\\Controllers\\CiudadanosController', true)
 5 SYSTEMPATH\CodeIgniter.php(496): CodeIgniter\CodeIgniter->startController()
 6 SYSTEMPATH\CodeIgniter.php(355): CodeIgniter\CodeIgniter->handleRequest(null, Object(Config\Cache), false)
 7 SYSTEMPATH\Boot.php(325): CodeIgniter\CodeIgniter->run()
 8 SYSTEMPATH\Boot.php(67): CodeIgniter\Boot::runCodeIgniter(Object(CodeIgniter\CodeIgniter))
 9 FCPATH\index.php(56): CodeIgniter\Boot::bootWeb(Object(Config\Paths))
ERROR - 2024-07-19 15:06:23 --> mysqli_sql_exception: Column 'cod_nivel_acad' cannot be null in C:\xampp\htdocs\fs2024\ci4_ciudadanos\system\Database\MySQLi\Connection.php:312
Stack trace:
#0 C:\xampp\htdocs\fs2024\ci4_ciudadanos\system\Database\MySQLi\Connection.php(312): mysqli->query('INSERT INTO `ni...', 0)
#1 C:\xampp\htdocs\fs2024\ci4_ciudadanos\system\Database\BaseConnection.php(734): CodeIgniter\Database\MySQLi\Connection->execute('INSERT INTO `ni...')
#2 C:\xampp\htdocs\fs2024\ci4_ciudadanos\system\Database\BaseConnection.php(648): CodeIgniter\Database\BaseConnection->simpleQuery('INSERT INTO `ni...')
#3 C:\xampp\htdocs\fs2024\ci4_ciudadanos\system\Database\BaseBuilder.php(2332): CodeIgniter\Database\BaseConnection->query('INSERT INTO `ni...', Array, false)
#4 C:\xampp\htdocs\fs2024\ci4_ciudadanos\system\Model.php(394): CodeIgniter\Database\BaseBuilder->insert()
#5 C:\xampp\htdocs\fs2024\ci4_ciudadanos\system\BaseModel.php(840): CodeIgniter\Model->doInsert(Array)
#6 C:\xampp\htdocs\fs2024\ci4_ciudadanos\system\Model.php(802): CodeIgniter\BaseModel->insert(Array, true)
#7 C:\xampp\htdocs\fs2024\ci4_ciudadanos\app\Controllers\NivelesController.php(26): CodeIgniter\Model->insert(Array)
#8 C:\xampp\htdocs\fs2024\ci4_ciudadanos\system\CodeIgniter.php(933): App\Controllers\NivelesController->agregarNivel()
#9 C:\xampp\htdocs\fs2024\ci4_ciudadanos\system\CodeIgniter.php(509): CodeIgniter\CodeIgniter->runController(Object(App\Controllers\NivelesController))
#10 C:\xampp\htdocs\fs2024\ci4_ciudadanos\system\CodeIgniter.php(355): CodeIgniter\CodeIgniter->handleRequest(NULL, Object(Config\Cache), false)
#11 C:\xampp\htdocs\fs2024\ci4_ciudadanos\system\Boot.php(325): CodeIgniter\CodeIgniter->run()
#12 C:\xampp\htdocs\fs2024\ci4_ciudadanos\system\Boot.php(67): CodeIgniter\Boot::runCodeIgniter(Object(CodeIgniter\CodeIgniter))
#13 C:\xampp\htdocs\fs2024\ci4_ciudadanos\public\index.php(56): CodeIgniter\Boot::bootWeb(Object(Config\Paths))
#14 {main}
CRITICAL - 2024-07-19 15:06:23 --> CodeIgniter\Database\Exceptions\DatabaseException: Column 'cod_nivel_acad' cannot be null
[Method: POST, Route: agregar_nivel]
in SYSTEMPATH\Database\BaseConnection.php on line 688.
 1 SYSTEMPATH\Database\BaseBuilder.php(2332): CodeIgniter\Database\BaseConnection->query('INSERT INTO `nivelesacademicos` (`cod_nivel_acad`, `nombre`, `descripcion`) VALUES (:cod_nivel_acad:, :nombre:, :descripcion:)', [...], false)
 2 SYSTEMPATH\Model.php(394): CodeIgniter\Database\BaseBuilder->insert()
 3 SYSTEMPATH\BaseModel.php(840): CodeIgniter\Model->doInsert([...])
 4 SYSTEMPATH\Model.php(802): CodeIgniter\BaseModel->insert([...], true)
 5 APPPATH\Controllers\NivelesController.php(26): CodeIgniter\Model->insert([...])
 6 SYSTEMPATH\CodeIgniter.php(933): App\Controllers\NivelesController->agregarNivel()
 7 SYSTEMPATH\CodeIgniter.php(509): CodeIgniter\CodeIgniter->runController(Object(App\Controllers\NivelesController))
 8 SYSTEMPATH\CodeIgniter.php(355): CodeIgniter\CodeIgniter->handleRequest(null, Object(Config\Cache), false)
 9 SYSTEMPATH\Boot.php(325): CodeIgniter\CodeIgniter->run()
10 SYSTEMPATH\Boot.php(67): CodeIgniter\Boot::runCodeIgniter(Object(CodeIgniter\CodeIgniter))
11 FCPATH\index.php(56): CodeIgniter\Boot::bootWeb(Object(Config\Paths))
CRITICAL - 2024-07-19 15:06:23 --> [Caused by] CodeIgniter\Database\Exceptions\DatabaseException: Column 'cod_nivel_acad' cannot be null
in SYSTEMPATH\Database\MySQLi\Connection.php on line 317.
 1 SYSTEMPATH\Database\BaseConnection.php(734): CodeIgniter\Database\MySQLi\Connection->execute('INSERT INTO `nivelesacademicos` (`cod_nivel_acad`, `nombre`, `descripcion`) VALUES (NULL, \'Inventado\', NULL)')
 2 SYSTEMPATH\Database\BaseConnection.php(648): CodeIgniter\Database\BaseConnection->simpleQuery('INSERT INTO `nivelesacademicos` (`cod_nivel_acad`, `nombre`, `descripcion`) VALUES (NULL, \'Inventado\', NULL)')
 3 SYSTEMPATH\Database\BaseBuilder.php(2332): CodeIgniter\Database\BaseConnection->query('INSERT INTO `nivelesacademicos` (`cod_nivel_acad`, `nombre`, `descripcion`) VALUES (:cod_nivel_acad:, :nombre:, :descripcion:)', [...], false)
 4 SYSTEMPATH\Model.php(394): CodeIgniter\Database\BaseBuilder->insert()
 5 SYSTEMPATH\BaseModel.php(840): CodeIgniter\Model->doInsert([...])
 6 SYSTEMPATH\Model.php(802): CodeIgniter\BaseModel->insert([...], true)
 7 APPPATH\Controllers\NivelesController.php(26): CodeIgniter\Model->insert([...])
 8 SYSTEMPATH\CodeIgniter.php(933): App\Controllers\NivelesController->agregarNivel()
 9 SYSTEMPATH\CodeIgniter.php(509): CodeIgniter\CodeIgniter->runController(Object(App\Controllers\NivelesController))
10 SYSTEMPATH\CodeIgniter.php(355): CodeIgniter\CodeIgniter->handleRequest(null, Object(Config\Cache), false)
11 SYSTEMPATH\Boot.php(325): CodeIgniter\CodeIgniter->run()
12 SYSTEMPATH\Boot.php(67): CodeIgniter\Boot::runCodeIgniter(Object(CodeIgniter\CodeIgniter))
13 FCPATH\index.php(56): CodeIgniter\Boot::bootWeb(Object(Config\Paths))
CRITICAL - 2024-07-19 15:06:23 --> [Caused by] mysqli_sql_exception: Column 'cod_nivel_acad' cannot be null
in SYSTEMPATH\Database\MySQLi\Connection.php on line 312.
 1 SYSTEMPATH\Database\MySQLi\Connection.php(312): mysqli->query('INSERT INTO `nivelesacademicos` (`cod_nivel_acad`, `nombre`, `descripcion`) VALUES (NULL, \'Inventado\', NULL)', 0)
 2 SYSTEMPATH\Database\BaseConnection.php(734): CodeIgniter\Database\MySQLi\Connection->execute('INSERT INTO `nivelesacademicos` (`cod_nivel_acad`, `nombre`, `descripcion`) VALUES (NULL, \'Inventado\', NULL)')
 3 SYSTEMPATH\Database\BaseConnection.php(648): CodeIgniter\Database\BaseConnection->simpleQuery('INSERT INTO `nivelesacademicos` (`cod_nivel_acad`, `nombre`, `descripcion`) VALUES (NULL, \'Inventado\', NULL)')
 4 SYSTEMPATH\Database\BaseBuilder.php(2332): CodeIgniter\Database\BaseConnection->query('INSERT INTO `nivelesacademicos` (`cod_nivel_acad`, `nombre`, `descripcion`) VALUES (:cod_nivel_acad:, :nombre:, :descripcion:)', [...], false)
 5 SYSTEMPATH\Model.php(394): CodeIgniter\Database\BaseBuilder->insert()
 6 SYSTEMPATH\BaseModel.php(840): CodeIgniter\Model->doInsert([...])
 7 SYSTEMPATH\Model.php(802): CodeIgniter\BaseModel->insert([...], true)
 8 APPPATH\Controllers\NivelesController.php(26): CodeIgniter\Model->insert([...])
 9 SYSTEMPATH\CodeIgniter.php(933): App\Controllers\NivelesController->agregarNivel()
10 SYSTEMPATH\CodeIgniter.php(509): CodeIgniter\CodeIgniter->runController(Object(App\Controllers\NivelesController))
11 SYSTEMPATH\CodeIgniter.php(355): CodeIgniter\CodeIgniter->handleRequest(null, Object(Config\Cache), false)
12 SYSTEMPATH\Boot.php(325): CodeIgniter\CodeIgniter->run()
13 SYSTEMPATH\Boot.php(67): CodeIgniter\Boot::runCodeIgniter(Object(CodeIgniter\CodeIgniter))
14 FCPATH\index.php(56): CodeIgniter\Boot::bootWeb(Object(Config\Paths))
ERROR - 2024-07-19 15:09:08 --> mysqli_sql_exception: Column 'cod_nivel_acad' cannot be null in C:\xampp\htdocs\fs2024\ci4_ciudadanos\system\Database\MySQLi\Connection.php:312
Stack trace:
#0 C:\xampp\htdocs\fs2024\ci4_ciudadanos\system\Database\MySQLi\Connection.php(312): mysqli->query('INSERT INTO `ni...', 0)
#1 C:\xampp\htdocs\fs2024\ci4_ciudadanos\system\Database\BaseConnection.php(734): CodeIgniter\Database\MySQLi\Connection->execute('INSERT INTO `ni...')
#2 C:\xampp\htdocs\fs2024\ci4_ciudadanos\system\Database\BaseConnection.php(648): CodeIgniter\Database\BaseConnection->simpleQuery('INSERT INTO `ni...')
#3 C:\xampp\htdocs\fs2024\ci4_ciudadanos\system\Database\BaseBuilder.php(2332): CodeIgniter\Database\BaseConnection->query('INSERT INTO `ni...', Array, false)
#4 C:\xampp\htdocs\fs2024\ci4_ciudadanos\system\Model.php(394): CodeIgniter\Database\BaseBuilder->insert()
#5 C:\xampp\htdocs\fs2024\ci4_ciudadanos\system\BaseModel.php(840): CodeIgniter\Model->doInsert(Array)
#6 C:\xampp\htdocs\fs2024\ci4_ciudadanos\system\Model.php(802): CodeIgniter\BaseModel->insert(Array, true)
#7 C:\xampp\htdocs\fs2024\ci4_ciudadanos\app\Controllers\NivelesController.php(26): CodeIgniter\Model->insert(Array)
#8 C:\xampp\htdocs\fs2024\ci4_ciudadanos\system\CodeIgniter.php(933): App\Controllers\NivelesController->agregarNivel()
#9 C:\xampp\htdocs\fs2024\ci4_ciudadanos\system\CodeIgniter.php(509): CodeIgniter\CodeIgniter->runController(Object(App\Controllers\NivelesController))
#10 C:\xampp\htdocs\fs2024\ci4_ciudadanos\system\CodeIgniter.php(355): CodeIgniter\CodeIgniter->handleRequest(NULL, Object(Config\Cache), false)
#11 C:\xampp\htdocs\fs2024\ci4_ciudadanos\system\Boot.php(325): CodeIgniter\CodeIgniter->run()
#12 C:\xampp\htdocs\fs2024\ci4_ciudadanos\system\Boot.php(67): CodeIgniter\Boot::runCodeIgniter(Object(CodeIgniter\CodeIgniter))
#13 C:\xampp\htdocs\fs2024\ci4_ciudadanos\public\index.php(56): CodeIgniter\Boot::bootWeb(Object(Config\Paths))
#14 {main}
CRITICAL - 2024-07-19 15:09:08 --> CodeIgniter\Database\Exceptions\DatabaseException: Column 'cod_nivel_acad' cannot be null
[Method: POST, Route: agregar_nivel]
in SYSTEMPATH\Database\BaseConnection.php on line 688.
 1 SYSTEMPATH\Database\BaseBuilder.php(2332): CodeIgniter\Database\BaseConnection->query('INSERT INTO `nivelesacademicos` (`cod_nivel_acad`, `nombre`, `descripcion`) VALUES (:cod_nivel_acad:, :nombre:, :descripcion:)', [...], false)
 2 SYSTEMPATH\Model.php(394): CodeIgniter\Database\BaseBuilder->insert()
 3 SYSTEMPATH\BaseModel.php(840): CodeIgniter\Model->doInsert([...])
 4 SYSTEMPATH\Model.php(802): CodeIgniter\BaseModel->insert([...], true)
 5 APPPATH\Controllers\NivelesController.php(26): CodeIgniter\Model->insert([...])
 6 SYSTEMPATH\CodeIgniter.php(933): App\Controllers\NivelesController->agregarNivel()
 7 SYSTEMPATH\CodeIgniter.php(509): CodeIgniter\CodeIgniter->runController(Object(App\Controllers\NivelesController))
 8 SYSTEMPATH\CodeIgniter.php(355): CodeIgniter\CodeIgniter->handleRequest(null, Object(Config\Cache), false)
 9 SYSTEMPATH\Boot.php(325): CodeIgniter\CodeIgniter->run()
10 SYSTEMPATH\Boot.php(67): CodeIgniter\Boot::runCodeIgniter(Object(CodeIgniter\CodeIgniter))
11 FCPATH\index.php(56): CodeIgniter\Boot::bootWeb(Object(Config\Paths))
CRITICAL - 2024-07-19 15:09:08 --> [Caused by] CodeIgniter\Database\Exceptions\DatabaseException: Column 'cod_nivel_acad' cannot be null
in SYSTEMPATH\Database\MySQLi\Connection.php on line 317.
 1 SYSTEMPATH\Database\BaseConnection.php(734): CodeIgniter\Database\MySQLi\Connection->execute('INSERT INTO `nivelesacademicos` (`cod_nivel_acad`, `nombre`, `descripcion`) VALUES (NULL, \'Inventado\', NULL)')
 2 SYSTEMPATH\Database\BaseConnection.php(648): CodeIgniter\Database\BaseConnection->simpleQuery('INSERT INTO `nivelesacademicos` (`cod_nivel_acad`, `nombre`, `descripcion`) VALUES (NULL, \'Inventado\', NULL)')
 3 SYSTEMPATH\Database\BaseBuilder.php(2332): CodeIgniter\Database\BaseConnection->query('INSERT INTO `nivelesacademicos` (`cod_nivel_acad`, `nombre`, `descripcion`) VALUES (:cod_nivel_acad:, :nombre:, :descripcion:)', [...], false)
 4 SYSTEMPATH\Model.php(394): CodeIgniter\Database\BaseBuilder->insert()
 5 SYSTEMPATH\BaseModel.php(840): CodeIgniter\Model->doInsert([...])
 6 SYSTEMPATH\Model.php(802): CodeIgniter\BaseModel->insert([...], true)
 7 APPPATH\Controllers\NivelesController.php(26): CodeIgniter\Model->insert([...])
 8 SYSTEMPATH\CodeIgniter.php(933): App\Controllers\NivelesController->agregarNivel()
 9 SYSTEMPATH\CodeIgniter.php(509): CodeIgniter\CodeIgniter->runController(Object(App\Controllers\NivelesController))
10 SYSTEMPATH\CodeIgniter.php(355): CodeIgniter\CodeIgniter->handleRequest(null, Object(Config\Cache), false)
11 SYSTEMPATH\Boot.php(325): CodeIgniter\CodeIgniter->run()
12 SYSTEMPATH\Boot.php(67): CodeIgniter\Boot::runCodeIgniter(Object(CodeIgniter\CodeIgniter))
13 FCPATH\index.php(56): CodeIgniter\Boot::bootWeb(Object(Config\Paths))
CRITICAL - 2024-07-19 15:09:08 --> [Caused by] mysqli_sql_exception: Column 'cod_nivel_acad' cannot be null
in SYSTEMPATH\Database\MySQLi\Connection.php on line 312.
 1 SYSTEMPATH\Database\MySQLi\Connection.php(312): mysqli->query('INSERT INTO `nivelesacademicos` (`cod_nivel_acad`, `nombre`, `descripcion`) VALUES (NULL, \'Inventado\', NULL)', 0)
 2 SYSTEMPATH\Database\BaseConnection.php(734): CodeIgniter\Database\MySQLi\Connection->execute('INSERT INTO `nivelesacademicos` (`cod_nivel_acad`, `nombre`, `descripcion`) VALUES (NULL, \'Inventado\', NULL)')
 3 SYSTEMPATH\Database\BaseConnection.php(648): CodeIgniter\Database\BaseConnection->simpleQuery('INSERT INTO `nivelesacademicos` (`cod_nivel_acad`, `nombre`, `descripcion`) VALUES (NULL, \'Inventado\', NULL)')
 4 SYSTEMPATH\Database\BaseBuilder.php(2332): CodeIgniter\Database\BaseConnection->query('INSERT INTO `nivelesacademicos` (`cod_nivel_acad`, `nombre`, `descripcion`) VALUES (:cod_nivel_acad:, :nombre:, :descripcion:)', [...], false)
 5 SYSTEMPATH\Model.php(394): CodeIgniter\Database\BaseBuilder->insert()
 6 SYSTEMPATH\BaseModel.php(840): CodeIgniter\Model->doInsert([...])
 7 SYSTEMPATH\Model.php(802): CodeIgniter\BaseModel->insert([...], true)
 8 APPPATH\Controllers\NivelesController.php(26): CodeIgniter\Model->insert([...])
 9 SYSTEMPATH\CodeIgniter.php(933): App\Controllers\NivelesController->agregarNivel()
10 SYSTEMPATH\CodeIgniter.php(509): CodeIgniter\CodeIgniter->runController(Object(App\Controllers\NivelesController))
11 SYSTEMPATH\CodeIgniter.php(355): CodeIgniter\CodeIgniter->handleRequest(null, Object(Config\Cache), false)
12 SYSTEMPATH\Boot.php(325): CodeIgniter\CodeIgniter->run()
13 SYSTEMPATH\Boot.php(67): CodeIgniter\Boot::runCodeIgniter(Object(CodeIgniter\CodeIgniter))
14 FCPATH\index.php(56): CodeIgniter\Boot::bootWeb(Object(Config\Paths))
ERROR - 2024-07-19 15:13:48 --> mysqli_sql_exception: Column 'cod_nivel_acad' cannot be null in C:\xampp\htdocs\fs2024\ci4_ciudadanos\system\Database\MySQLi\Connection.php:312
Stack trace:
#0 C:\xampp\htdocs\fs2024\ci4_ciudadanos\system\Database\MySQLi\Connection.php(312): mysqli->query('INSERT INTO `ni...', 0)
#1 C:\xampp\htdocs\fs2024\ci4_ciudadanos\system\Database\BaseConnection.php(734): CodeIgniter\Database\MySQLi\Connection->execute('INSERT INTO `ni...')
#2 C:\xampp\htdocs\fs2024\ci4_ciudadanos\system\Database\BaseConnection.php(648): CodeIgniter\Database\BaseConnection->simpleQuery('INSERT INTO `ni...')
#3 C:\xampp\htdocs\fs2024\ci4_ciudadanos\system\Database\BaseBuilder.php(2332): CodeIgniter\Database\BaseConnection->query('INSERT INTO `ni...', Array, false)
#4 C:\xampp\htdocs\fs2024\ci4_ciudadanos\system\Model.php(394): CodeIgniter\Database\BaseBuilder->insert()
#5 C:\xampp\htdocs\fs2024\ci4_ciudadanos\system\BaseModel.php(840): CodeIgniter\Model->doInsert(Array)
#6 C:\xampp\htdocs\fs2024\ci4_ciudadanos\system\Model.php(802): CodeIgniter\BaseModel->insert(Array, true)
#7 C:\xampp\htdocs\fs2024\ci4_ciudadanos\app\Controllers\NivelesController.php(26): CodeIgniter\Model->insert(Array)
#8 C:\xampp\htdocs\fs2024\ci4_ciudadanos\system\CodeIgniter.php(933): App\Controllers\NivelesController->agregarNivel()
#9 C:\xampp\htdocs\fs2024\ci4_ciudadanos\system\CodeIgniter.php(509): CodeIgniter\CodeIgniter->runController(Object(App\Controllers\NivelesController))
#10 C:\xampp\htdocs\fs2024\ci4_ciudadanos\system\CodeIgniter.php(355): CodeIgniter\CodeIgniter->handleRequest(NULL, Object(Config\Cache), false)
#11 C:\xampp\htdocs\fs2024\ci4_ciudadanos\system\Boot.php(325): CodeIgniter\CodeIgniter->run()
#12 C:\xampp\htdocs\fs2024\ci4_ciudadanos\system\Boot.php(67): CodeIgniter\Boot::runCodeIgniter(Object(CodeIgniter\CodeIgniter))
#13 C:\xampp\htdocs\fs2024\ci4_ciudadanos\public\index.php(56): CodeIgniter\Boot::bootWeb(Object(Config\Paths))
#14 {main}
CRITICAL - 2024-07-19 15:13:48 --> CodeIgniter\Database\Exceptions\DatabaseException: Column 'cod_nivel_acad' cannot be null
[Method: POST, Route: agregar_nivel]
in SYSTEMPATH\Database\BaseConnection.php on line 688.
 1 SYSTEMPATH\Database\BaseBuilder.php(2332): CodeIgniter\Database\BaseConnection->query('INSERT INTO `nivelesacademicos` (`cod_nivel_acad`, `nombre`, `descripcion`) VALUES (:cod_nivel_acad:, :nombre:, :descripcion:)', [...], false)
 2 SYSTEMPATH\Model.php(394): CodeIgniter\Database\BaseBuilder->insert()
 3 SYSTEMPATH\BaseModel.php(840): CodeIgniter\Model->doInsert([...])
 4 SYSTEMPATH\Model.php(802): CodeIgniter\BaseModel->insert([...], true)
 5 APPPATH\Controllers\NivelesController.php(26): CodeIgniter\Model->insert([...])
 6 SYSTEMPATH\CodeIgniter.php(933): App\Controllers\NivelesController->agregarNivel()
 7 SYSTEMPATH\CodeIgniter.php(509): CodeIgniter\CodeIgniter->runController(Object(App\Controllers\NivelesController))
 8 SYSTEMPATH\CodeIgniter.php(355): CodeIgniter\CodeIgniter->handleRequest(null, Object(Config\Cache), false)
 9 SYSTEMPATH\Boot.php(325): CodeIgniter\CodeIgniter->run()
10 SYSTEMPATH\Boot.php(67): CodeIgniter\Boot::runCodeIgniter(Object(CodeIgniter\CodeIgniter))
11 FCPATH\index.php(56): CodeIgniter\Boot::bootWeb(Object(Config\Paths))
CRITICAL - 2024-07-19 15:13:48 --> [Caused by] CodeIgniter\Database\Exceptions\DatabaseException: Column 'cod_nivel_acad' cannot be null
in SYSTEMPATH\Database\MySQLi\Connection.php on line 317.
 1 SYSTEMPATH\Database\BaseConnection.php(734): CodeIgniter\Database\MySQLi\Connection->execute('INSERT INTO `nivelesacademicos` (`cod_nivel_acad`, `nombre`, `descripcion`) VALUES (NULL, \'Inventado\', NULL)')
 2 SYSTEMPATH\Database\BaseConnection.php(648): CodeIgniter\Database\BaseConnection->simpleQuery('INSERT INTO `nivelesacademicos` (`cod_nivel_acad`, `nombre`, `descripcion`) VALUES (NULL, \'Inventado\', NULL)')
 3 SYSTEMPATH\Database\BaseBuilder.php(2332): CodeIgniter\Database\BaseConnection->query('INSERT INTO `nivelesacademicos` (`cod_nivel_acad`, `nombre`, `descripcion`) VALUES (:cod_nivel_acad:, :nombre:, :descripcion:)', [...], false)
 4 SYSTEMPATH\Model.php(394): CodeIgniter\Database\BaseBuilder->insert()
 5 SYSTEMPATH\BaseModel.php(840): CodeIgniter\Model->doInsert([...])
 6 SYSTEMPATH\Model.php(802): CodeIgniter\BaseModel->insert([...], true)
 7 APPPATH\Controllers\NivelesController.php(26): CodeIgniter\Model->insert([...])
 8 SYSTEMPATH\CodeIgniter.php(933): App\Controllers\NivelesController->agregarNivel()
 9 SYSTEMPATH\CodeIgniter.php(509): CodeIgniter\CodeIgniter->runController(Object(App\Controllers\NivelesController))
10 SYSTEMPATH\CodeIgniter.php(355): CodeIgniter\CodeIgniter->handleRequest(null, Object(Config\Cache), false)
11 SYSTEMPATH\Boot.php(325): CodeIgniter\CodeIgniter->run()
12 SYSTEMPATH\Boot.php(67): CodeIgniter\Boot::runCodeIgniter(Object(CodeIgniter\CodeIgniter))
13 FCPATH\index.php(56): CodeIgniter\Boot::bootWeb(Object(Config\Paths))
CRITICAL - 2024-07-19 15:13:48 --> [Caused by] mysqli_sql_exception: Column 'cod_nivel_acad' cannot be null
in SYSTEMPATH\Database\MySQLi\Connection.php on line 312.
 1 SYSTEMPATH\Database\MySQLi\Connection.php(312): mysqli->query('INSERT INTO `nivelesacademicos` (`cod_nivel_acad`, `nombre`, `descripcion`) VALUES (NULL, \'Inventado\', NULL)', 0)
 2 SYSTEMPATH\Database\BaseConnection.php(734): CodeIgniter\Database\MySQLi\Connection->execute('INSERT INTO `nivelesacademicos` (`cod_nivel_acad`, `nombre`, `descripcion`) VALUES (NULL, \'Inventado\', NULL)')
 3 SYSTEMPATH\Database\BaseConnection.php(648): CodeIgniter\Database\BaseConnection->simpleQuery('INSERT INTO `nivelesacademicos` (`cod_nivel_acad`, `nombre`, `descripcion`) VALUES (NULL, \'Inventado\', NULL)')
 4 SYSTEMPATH\Database\BaseBuilder.php(2332): CodeIgniter\Database\BaseConnection->query('INSERT INTO `nivelesacademicos` (`cod_nivel_acad`, `nombre`, `descripcion`) VALUES (:cod_nivel_acad:, :nombre:, :descripcion:)', [...], false)
 5 SYSTEMPATH\Model.php(394): CodeIgniter\Database\BaseBuilder->insert()
 6 SYSTEMPATH\BaseModel.php(840): CodeIgniter\Model->doInsert([...])
 7 SYSTEMPATH\Model.php(802): CodeIgniter\BaseModel->insert([...], true)
 8 APPPATH\Controllers\NivelesController.php(26): CodeIgniter\Model->insert([...])
 9 SYSTEMPATH\CodeIgniter.php(933): App\Controllers\NivelesController->agregarNivel()
10 SYSTEMPATH\CodeIgniter.php(509): CodeIgniter\CodeIgniter->runController(Object(App\Controllers\NivelesController))
11 SYSTEMPATH\CodeIgniter.php(355): CodeIgniter\CodeIgniter->handleRequest(null, Object(Config\Cache), false)
12 SYSTEMPATH\Boot.php(325): CodeIgniter\CodeIgniter->run()
13 SYSTEMPATH\Boot.php(67): CodeIgniter\Boot::runCodeIgniter(Object(CodeIgniter\CodeIgniter))
14 FCPATH\index.php(56): CodeIgniter\Boot::bootWeb(Object(Config\Paths))
ERROR - 2024-07-19 15:19:42 --> mysqli_sql_exception: Column 'cod_nivel_acad' cannot be null in C:\xampp\htdocs\fs2024\ci4_ciudadanos\system\Database\MySQLi\Connection.php:312
Stack trace:
#0 C:\xampp\htdocs\fs2024\ci4_ciudadanos\system\Database\MySQLi\Connection.php(312): mysqli->query('INSERT INTO `ni...', 0)
#1 C:\xampp\htdocs\fs2024\ci4_ciudadanos\system\Database\BaseConnection.php(734): CodeIgniter\Database\MySQLi\Connection->execute('INSERT INTO `ni...')
#2 C:\xampp\htdocs\fs2024\ci4_ciudadanos\system\Database\BaseConnection.php(648): CodeIgniter\Database\BaseConnection->simpleQuery('INSERT INTO `ni...')
#3 C:\xampp\htdocs\fs2024\ci4_ciudadanos\system\Database\BaseBuilder.php(2332): CodeIgniter\Database\BaseConnection->query('INSERT INTO `ni...', Array, false)
#4 C:\xampp\htdocs\fs2024\ci4_ciudadanos\system\Model.php(394): CodeIgniter\Database\BaseBuilder->insert()
#5 C:\xampp\htdocs\fs2024\ci4_ciudadanos\system\BaseModel.php(840): CodeIgniter\Model->doInsert(Array)
#6 C:\xampp\htdocs\fs2024\ci4_ciudadanos\system\Model.php(802): CodeIgniter\BaseModel->insert(Array, true)
#7 C:\xampp\htdocs\fs2024\ci4_ciudadanos\app\Controllers\NivelesController.php(26): CodeIgniter\Model->insert(Array)
#8 C:\xampp\htdocs\fs2024\ci4_ciudadanos\system\CodeIgniter.php(933): App\Controllers\NivelesController->agregarNivel()
#9 C:\xampp\htdocs\fs2024\ci4_ciudadanos\system\CodeIgniter.php(509): CodeIgniter\CodeIgniter->runController(Object(App\Controllers\NivelesController))
#10 C:\xampp\htdocs\fs2024\ci4_ciudadanos\system\CodeIgniter.php(355): CodeIgniter\CodeIgniter->handleRequest(NULL, Object(Config\Cache), false)
#11 C:\xampp\htdocs\fs2024\ci4_ciudadanos\system\Boot.php(325): CodeIgniter\CodeIgniter->run()
#12 C:\xampp\htdocs\fs2024\ci4_ciudadanos\system\Boot.php(67): CodeIgniter\Boot::runCodeIgniter(Object(CodeIgniter\CodeIgniter))
#13 C:\xampp\htdocs\fs2024\ci4_ciudadanos\public\index.php(56): CodeIgniter\Boot::bootWeb(Object(Config\Paths))
#14 {main}
CRITICAL - 2024-07-19 15:19:42 --> CodeIgniter\Database\Exceptions\DatabaseException: Column 'cod_nivel_acad' cannot be null
[Method: POST, Route: agregar_nivel]
in SYSTEMPATH\Database\BaseConnection.php on line 688.
 1 SYSTEMPATH\Database\BaseBuilder.php(2332): CodeIgniter\Database\BaseConnection->query('INSERT INTO `nivelesacademicos` (`cod_nivel_acad`, `nombre`, `descripcion`) VALUES (:cod_nivel_acad:, :nombre:, :descripcion:)', [...], false)
 2 SYSTEMPATH\Model.php(394): CodeIgniter\Database\BaseBuilder->insert()
 3 SYSTEMPATH\BaseModel.php(840): CodeIgniter\Model->doInsert([...])
 4 SYSTEMPATH\Model.php(802): CodeIgniter\BaseModel->insert([...], true)
 5 APPPATH\Controllers\NivelesController.php(26): CodeIgniter\Model->insert([...])
 6 SYSTEMPATH\CodeIgniter.php(933): App\Controllers\NivelesController->agregarNivel()
 7 SYSTEMPATH\CodeIgniter.php(509): CodeIgniter\CodeIgniter->runController(Object(App\Controllers\NivelesController))
 8 SYSTEMPATH\CodeIgniter.php(355): CodeIgniter\CodeIgniter->handleRequest(null, Object(Config\Cache), false)
 9 SYSTEMPATH\Boot.php(325): CodeIgniter\CodeIgniter->run()
10 SYSTEMPATH\Boot.php(67): CodeIgniter\Boot::runCodeIgniter(Object(CodeIgniter\CodeIgniter))
11 FCPATH\index.php(56): CodeIgniter\Boot::bootWeb(Object(Config\Paths))
CRITICAL - 2024-07-19 15:19:42 --> [Caused by] CodeIgniter\Database\Exceptions\DatabaseException: Column 'cod_nivel_acad' cannot be null
in SYSTEMPATH\Database\MySQLi\Connection.php on line 317.
 1 SYSTEMPATH\Database\BaseConnection.php(734): CodeIgniter\Database\MySQLi\Connection->execute('INSERT INTO `nivelesacademicos` (`cod_nivel_acad`, `nombre`, `descripcion`) VALUES (NULL, \'Inventado\', NULL)')
 2 SYSTEMPATH\Database\BaseConnection.php(648): CodeIgniter\Database\BaseConnection->simpleQuery('INSERT INTO `nivelesacademicos` (`cod_nivel_acad`, `nombre`, `descripcion`) VALUES (NULL, \'Inventado\', NULL)')
 3 SYSTEMPATH\Database\BaseBuilder.php(2332): CodeIgniter\Database\BaseConnection->query('INSERT INTO `nivelesacademicos` (`cod_nivel_acad`, `nombre`, `descripcion`) VALUES (:cod_nivel_acad:, :nombre:, :descripcion:)', [...], false)
 4 SYSTEMPATH\Model.php(394): CodeIgniter\Database\BaseBuilder->insert()
 5 SYSTEMPATH\BaseModel.php(840): CodeIgniter\Model->doInsert([...])
 6 SYSTEMPATH\Model.php(802): CodeIgniter\BaseModel->insert([...], true)
 7 APPPATH\Controllers\NivelesController.php(26): CodeIgniter\Model->insert([...])
 8 SYSTEMPATH\CodeIgniter.php(933): App\Controllers\NivelesController->agregarNivel()
 9 SYSTEMPATH\CodeIgniter.php(509): CodeIgniter\CodeIgniter->runController(Object(App\Controllers\NivelesController))
10 SYSTEMPATH\CodeIgniter.php(355): CodeIgniter\CodeIgniter->handleRequest(null, Object(Config\Cache), false)
11 SYSTEMPATH\Boot.php(325): CodeIgniter\CodeIgniter->run()
12 SYSTEMPATH\Boot.php(67): CodeIgniter\Boot::runCodeIgniter(Object(CodeIgniter\CodeIgniter))
13 FCPATH\index.php(56): CodeIgniter\Boot::bootWeb(Object(Config\Paths))
CRITICAL - 2024-07-19 15:19:42 --> [Caused by] mysqli_sql_exception: Column 'cod_nivel_acad' cannot be null
in SYSTEMPATH\Database\MySQLi\Connection.php on line 312.
 1 SYSTEMPATH\Database\MySQLi\Connection.php(312): mysqli->query('INSERT INTO `nivelesacademicos` (`cod_nivel_acad`, `nombre`, `descripcion`) VALUES (NULL, \'Inventado\', NULL)', 0)
 2 SYSTEMPATH\Database\BaseConnection.php(734): CodeIgniter\Database\MySQLi\Connection->execute('INSERT INTO `nivelesacademicos` (`cod_nivel_acad`, `nombre`, `descripcion`) VALUES (NULL, \'Inventado\', NULL)')
 3 SYSTEMPATH\Database\BaseConnection.php(648): CodeIgniter\Database\BaseConnection->simpleQuery('INSERT INTO `nivelesacademicos` (`cod_nivel_acad`, `nombre`, `descripcion`) VALUES (NULL, \'Inventado\', NULL)')
 4 SYSTEMPATH\Database\BaseBuilder.php(2332): CodeIgniter\Database\BaseConnection->query('INSERT INTO `nivelesacademicos` (`cod_nivel_acad`, `nombre`, `descripcion`) VALUES (:cod_nivel_acad:, :nombre:, :descripcion:)', [...], false)
 5 SYSTEMPATH\Model.php(394): CodeIgniter\Database\BaseBuilder->insert()
 6 SYSTEMPATH\BaseModel.php(840): CodeIgniter\Model->doInsert([...])
 7 SYSTEMPATH\Model.php(802): CodeIgniter\BaseModel->insert([...], true)
 8 APPPATH\Controllers\NivelesController.php(26): CodeIgniter\Model->insert([...])
 9 SYSTEMPATH\CodeIgniter.php(933): App\Controllers\NivelesController->agregarNivel()
10 SYSTEMPATH\CodeIgniter.php(509): CodeIgniter\CodeIgniter->runController(Object(App\Controllers\NivelesController))
11 SYSTEMPATH\CodeIgniter.php(355): CodeIgniter\CodeIgniter->handleRequest(null, Object(Config\Cache), false)
12 SYSTEMPATH\Boot.php(325): CodeIgniter\CodeIgniter->run()
13 SYSTEMPATH\Boot.php(67): CodeIgniter\Boot::runCodeIgniter(Object(CodeIgniter\CodeIgniter))
14 FCPATH\index.php(56): CodeIgniter\Boot::bootWeb(Object(Config\Paths))
ERROR - 2024-07-19 15:22:03 --> mysqli_sql_exception: Column 'cod_nivel_acad' cannot be null in C:\xampp\htdocs\fs2024\ci4_ciudadanos\system\Database\MySQLi\Connection.php:312
Stack trace:
#0 C:\xampp\htdocs\fs2024\ci4_ciudadanos\system\Database\MySQLi\Connection.php(312): mysqli->query('INSERT INTO `ni...', 0)
#1 C:\xampp\htdocs\fs2024\ci4_ciudadanos\system\Database\BaseConnection.php(734): CodeIgniter\Database\MySQLi\Connection->execute('INSERT INTO `ni...')
#2 C:\xampp\htdocs\fs2024\ci4_ciudadanos\system\Database\BaseConnection.php(648): CodeIgniter\Database\BaseConnection->simpleQuery('INSERT INTO `ni...')
#3 C:\xampp\htdocs\fs2024\ci4_ciudadanos\system\Database\BaseBuilder.php(2332): CodeIgniter\Database\BaseConnection->query('INSERT INTO `ni...', Array, false)
#4 C:\xampp\htdocs\fs2024\ci4_ciudadanos\system\Model.php(394): CodeIgniter\Database\BaseBuilder->insert()
#5 C:\xampp\htdocs\fs2024\ci4_ciudadanos\system\BaseModel.php(840): CodeIgniter\Model->doInsert(Array)
#6 C:\xampp\htdocs\fs2024\ci4_ciudadanos\system\Model.php(802): CodeIgniter\BaseModel->insert(Array, true)
#7 C:\xampp\htdocs\fs2024\ci4_ciudadanos\app\Controllers\NivelesController.php(26): CodeIgniter\Model->insert(Array)
#8 C:\xampp\htdocs\fs2024\ci4_ciudadanos\system\CodeIgniter.php(933): App\Controllers\NivelesController->agregarNivel()
#9 C:\xampp\htdocs\fs2024\ci4_ciudadanos\system\CodeIgniter.php(509): CodeIgniter\CodeIgniter->runController(Object(App\Controllers\NivelesController))
#10 C:\xampp\htdocs\fs2024\ci4_ciudadanos\system\CodeIgniter.php(355): CodeIgniter\CodeIgniter->handleRequest(NULL, Object(Config\Cache), false)
#11 C:\xampp\htdocs\fs2024\ci4_ciudadanos\system\Boot.php(325): CodeIgniter\CodeIgniter->run()
#12 C:\xampp\htdocs\fs2024\ci4_ciudadanos\system\Boot.php(67): CodeIgniter\Boot::runCodeIgniter(Object(CodeIgniter\CodeIgniter))
#13 C:\xampp\htdocs\fs2024\ci4_ciudadanos\public\index.php(56): CodeIgniter\Boot::bootWeb(Object(Config\Paths))
#14 {main}
CRITICAL - 2024-07-19 15:22:03 --> CodeIgniter\Database\Exceptions\DatabaseException: Column 'cod_nivel_acad' cannot be null
[Method: POST, Route: agregar_nivel]
in SYSTEMPATH\Database\BaseConnection.php on line 688.
 1 SYSTEMPATH\Database\BaseBuilder.php(2332): CodeIgniter\Database\BaseConnection->query('INSERT INTO `nivelesacademicos` (`cod_nivel_acad`, `nombre`, `descripcion`) VALUES (:cod_nivel_acad:, :nombre:, :descripcion:)', [...], false)
 2 SYSTEMPATH\Model.php(394): CodeIgniter\Database\BaseBuilder->insert()
 3 SYSTEMPATH\BaseModel.php(840): CodeIgniter\Model->doInsert([...])
 4 SYSTEMPATH\Model.php(802): CodeIgniter\BaseModel->insert([...], true)
 5 APPPATH\Controllers\NivelesController.php(26): CodeIgniter\Model->insert([...])
 6 SYSTEMPATH\CodeIgniter.php(933): App\Controllers\NivelesController->agregarNivel()
 7 SYSTEMPATH\CodeIgniter.php(509): CodeIgniter\CodeIgniter->runController(Object(App\Controllers\NivelesController))
 8 SYSTEMPATH\CodeIgniter.php(355): CodeIgniter\CodeIgniter->handleRequest(null, Object(Config\Cache), false)
 9 SYSTEMPATH\Boot.php(325): CodeIgniter\CodeIgniter->run()
10 SYSTEMPATH\Boot.php(67): CodeIgniter\Boot::runCodeIgniter(Object(CodeIgniter\CodeIgniter))
11 FCPATH\index.php(56): CodeIgniter\Boot::bootWeb(Object(Config\Paths))
CRITICAL - 2024-07-19 15:22:03 --> [Caused by] CodeIgniter\Database\Exceptions\DatabaseException: Column 'cod_nivel_acad' cannot be null
in SYSTEMPATH\Database\MySQLi\Connection.php on line 317.
 1 SYSTEMPATH\Database\BaseConnection.php(734): CodeIgniter\Database\MySQLi\Connection->execute('INSERT INTO `nivelesacademicos` (`cod_nivel_acad`, `nombre`, `descripcion`) VALUES (NULL, \'Inventado\', NULL)')
 2 SYSTEMPATH\Database\BaseConnection.php(648): CodeIgniter\Database\BaseConnection->simpleQuery('INSERT INTO `nivelesacademicos` (`cod_nivel_acad`, `nombre`, `descripcion`) VALUES (NULL, \'Inventado\', NULL)')
 3 SYSTEMPATH\Database\BaseBuilder.php(2332): CodeIgniter\Database\BaseConnection->query('INSERT INTO `nivelesacademicos` (`cod_nivel_acad`, `nombre`, `descripcion`) VALUES (:cod_nivel_acad:, :nombre:, :descripcion:)', [...], false)
 4 SYSTEMPATH\Model.php(394): CodeIgniter\Database\BaseBuilder->insert()
 5 SYSTEMPATH\BaseModel.php(840): CodeIgniter\Model->doInsert([...])
 6 SYSTEMPATH\Model.php(802): CodeIgniter\BaseModel->insert([...], true)
 7 APPPATH\Controllers\NivelesController.php(26): CodeIgniter\Model->insert([...])
 8 SYSTEMPATH\CodeIgniter.php(933): App\Controllers\NivelesController->agregarNivel()
 9 SYSTEMPATH\CodeIgniter.php(509): CodeIgniter\CodeIgniter->runController(Object(App\Controllers\NivelesController))
10 SYSTEMPATH\CodeIgniter.php(355): CodeIgniter\CodeIgniter->handleRequest(null, Object(Config\Cache), false)
11 SYSTEMPATH\Boot.php(325): CodeIgniter\CodeIgniter->run()
12 SYSTEMPATH\Boot.php(67): CodeIgniter\Boot::runCodeIgniter(Object(CodeIgniter\CodeIgniter))
13 FCPATH\index.php(56): CodeIgniter\Boot::bootWeb(Object(Config\Paths))
CRITICAL - 2024-07-19 15:22:03 --> [Caused by] mysqli_sql_exception: Column 'cod_nivel_acad' cannot be null
in SYSTEMPATH\Database\MySQLi\Connection.php on line 312.
 1 SYSTEMPATH\Database\MySQLi\Connection.php(312): mysqli->query('INSERT INTO `nivelesacademicos` (`cod_nivel_acad`, `nombre`, `descripcion`) VALUES (NULL, \'Inventado\', NULL)', 0)
 2 SYSTEMPATH\Database\BaseConnection.php(734): CodeIgniter\Database\MySQLi\Connection->execute('INSERT INTO `nivelesacademicos` (`cod_nivel_acad`, `nombre`, `descripcion`) VALUES (NULL, \'Inventado\', NULL)')
 3 SYSTEMPATH\Database\BaseConnection.php(648): CodeIgniter\Database\BaseConnection->simpleQuery('INSERT INTO `nivelesacademicos` (`cod_nivel_acad`, `nombre`, `descripcion`) VALUES (NULL, \'Inventado\', NULL)')
 4 SYSTEMPATH\Database\BaseBuilder.php(2332): CodeIgniter\Database\BaseConnection->query('INSERT INTO `nivelesacademicos` (`cod_nivel_acad`, `nombre`, `descripcion`) VALUES (:cod_nivel_acad:, :nombre:, :descripcion:)', [...], false)
 5 SYSTEMPATH\Model.php(394): CodeIgniter\Database\BaseBuilder->insert()
 6 SYSTEMPATH\BaseModel.php(840): CodeIgniter\Model->doInsert([...])
 7 SYSTEMPATH\Model.php(802): CodeIgniter\BaseModel->insert([...], true)
 8 APPPATH\Controllers\NivelesController.php(26): CodeIgniter\Model->insert([...])
 9 SYSTEMPATH\CodeIgniter.php(933): App\Controllers\NivelesController->agregarNivel()
10 SYSTEMPATH\CodeIgniter.php(509): CodeIgniter\CodeIgniter->runController(Object(App\Controllers\NivelesController))
11 SYSTEMPATH\CodeIgniter.php(355): CodeIgniter\CodeIgniter->handleRequest(null, Object(Config\Cache), false)
12 SYSTEMPATH\Boot.php(325): CodeIgniter\CodeIgniter->run()
13 SYSTEMPATH\Boot.php(67): CodeIgniter\Boot::runCodeIgniter(Object(CodeIgniter\CodeIgniter))
14 FCPATH\index.php(56): CodeIgniter\Boot::bootWeb(Object(Config\Paths))
ERROR - 2024-07-19 15:24:06 --> mysqli_sql_exception: Column 'cod_nivel_acad' cannot be null in C:\xampp\htdocs\fs2024\ci4_ciudadanos\system\Database\MySQLi\Connection.php:312
Stack trace:
#0 C:\xampp\htdocs\fs2024\ci4_ciudadanos\system\Database\MySQLi\Connection.php(312): mysqli->query('INSERT INTO `ni...', 0)
#1 C:\xampp\htdocs\fs2024\ci4_ciudadanos\system\Database\BaseConnection.php(734): CodeIgniter\Database\MySQLi\Connection->execute('INSERT INTO `ni...')
#2 C:\xampp\htdocs\fs2024\ci4_ciudadanos\system\Database\BaseConnection.php(648): CodeIgniter\Database\BaseConnection->simpleQuery('INSERT INTO `ni...')
#3 C:\xampp\htdocs\fs2024\ci4_ciudadanos\system\Database\BaseBuilder.php(2332): CodeIgniter\Database\BaseConnection->query('INSERT INTO `ni...', Array, false)
#4 C:\xampp\htdocs\fs2024\ci4_ciudadanos\system\Model.php(394): CodeIgniter\Database\BaseBuilder->insert()
#5 C:\xampp\htdocs\fs2024\ci4_ciudadanos\system\BaseModel.php(840): CodeIgniter\Model->doInsert(Array)
#6 C:\xampp\htdocs\fs2024\ci4_ciudadanos\system\Model.php(802): CodeIgniter\BaseModel->insert(Array, true)
#7 C:\xampp\htdocs\fs2024\ci4_ciudadanos\app\Controllers\NivelesController.php(26): CodeIgniter\Model->insert(Array)
#8 C:\xampp\htdocs\fs2024\ci4_ciudadanos\system\CodeIgniter.php(933): App\Controllers\NivelesController->agregarNivel()
#9 C:\xampp\htdocs\fs2024\ci4_ciudadanos\system\CodeIgniter.php(509): CodeIgniter\CodeIgniter->runController(Object(App\Controllers\NivelesController))
#10 C:\xampp\htdocs\fs2024\ci4_ciudadanos\system\CodeIgniter.php(355): CodeIgniter\CodeIgniter->handleRequest(NULL, Object(Config\Cache), false)
#11 C:\xampp\htdocs\fs2024\ci4_ciudadanos\system\Boot.php(325): CodeIgniter\CodeIgniter->run()
#12 C:\xampp\htdocs\fs2024\ci4_ciudadanos\system\Boot.php(67): CodeIgniter\Boot::runCodeIgniter(Object(CodeIgniter\CodeIgniter))
#13 C:\xampp\htdocs\fs2024\ci4_ciudadanos\public\index.php(56): CodeIgniter\Boot::bootWeb(Object(Config\Paths))
#14 {main}
CRITICAL - 2024-07-19 15:24:06 --> CodeIgniter\Database\Exceptions\DatabaseException: Column 'cod_nivel_acad' cannot be null
[Method: POST, Route: agregar_nivel]
in SYSTEMPATH\Database\BaseConnection.php on line 688.
 1 SYSTEMPATH\Database\BaseBuilder.php(2332): CodeIgniter\Database\BaseConnection->query('INSERT INTO `nivelesacademicos` (`cod_nivel_acad`, `nombre`, `descripcion`) VALUES (:cod_nivel_acad:, :nombre:, :descripcion:)', [...], false)
 2 SYSTEMPATH\Model.php(394): CodeIgniter\Database\BaseBuilder->insert()
 3 SYSTEMPATH\BaseModel.php(840): CodeIgniter\Model->doInsert([...])
 4 SYSTEMPATH\Model.php(802): CodeIgniter\BaseModel->insert([...], true)
 5 APPPATH\Controllers\NivelesController.php(26): CodeIgniter\Model->insert([...])
 6 SYSTEMPATH\CodeIgniter.php(933): App\Controllers\NivelesController->agregarNivel()
 7 SYSTEMPATH\CodeIgniter.php(509): CodeIgniter\CodeIgniter->runController(Object(App\Controllers\NivelesController))
 8 SYSTEMPATH\CodeIgniter.php(355): CodeIgniter\CodeIgniter->handleRequest(null, Object(Config\Cache), false)
 9 SYSTEMPATH\Boot.php(325): CodeIgniter\CodeIgniter->run()
10 SYSTEMPATH\Boot.php(67): CodeIgniter\Boot::runCodeIgniter(Object(CodeIgniter\CodeIgniter))
11 FCPATH\index.php(56): CodeIgniter\Boot::bootWeb(Object(Config\Paths))
CRITICAL - 2024-07-19 15:24:06 --> [Caused by] CodeIgniter\Database\Exceptions\DatabaseException: Column 'cod_nivel_acad' cannot be null
in SYSTEMPATH\Database\MySQLi\Connection.php on line 317.
 1 SYSTEMPATH\Database\BaseConnection.php(734): CodeIgniter\Database\MySQLi\Connection->execute('INSERT INTO `nivelesacademicos` (`cod_nivel_acad`, `nombre`, `descripcion`) VALUES (NULL, \'Inventado\', NULL)')
 2 SYSTEMPATH\Database\BaseConnection.php(648): CodeIgniter\Database\BaseConnection->simpleQuery('INSERT INTO `nivelesacademicos` (`cod_nivel_acad`, `nombre`, `descripcion`) VALUES (NULL, \'Inventado\', NULL)')
 3 SYSTEMPATH\Database\BaseBuilder.php(2332): CodeIgniter\Database\BaseConnection->query('INSERT INTO `nivelesacademicos` (`cod_nivel_acad`, `nombre`, `descripcion`) VALUES (:cod_nivel_acad:, :nombre:, :descripcion:)', [...], false)
 4 SYSTEMPATH\Model.php(394): CodeIgniter\Database\BaseBuilder->insert()
 5 SYSTEMPATH\BaseModel.php(840): CodeIgniter\Model->doInsert([...])
 6 SYSTEMPATH\Model.php(802): CodeIgniter\BaseModel->insert([...], true)
 7 APPPATH\Controllers\NivelesController.php(26): CodeIgniter\Model->insert([...])
 8 SYSTEMPATH\CodeIgniter.php(933): App\Controllers\NivelesController->agregarNivel()
 9 SYSTEMPATH\CodeIgniter.php(509): CodeIgniter\CodeIgniter->runController(Object(App\Controllers\NivelesController))
10 SYSTEMPATH\CodeIgniter.php(355): CodeIgniter\CodeIgniter->handleRequest(null, Object(Config\Cache), false)
11 SYSTEMPATH\Boot.php(325): CodeIgniter\CodeIgniter->run()
12 SYSTEMPATH\Boot.php(67): CodeIgniter\Boot::runCodeIgniter(Object(CodeIgniter\CodeIgniter))
13 FCPATH\index.php(56): CodeIgniter\Boot::bootWeb(Object(Config\Paths))
CRITICAL - 2024-07-19 15:24:06 --> [Caused by] mysqli_sql_exception: Column 'cod_nivel_acad' cannot be null
in SYSTEMPATH\Database\MySQLi\Connection.php on line 312.
 1 SYSTEMPATH\Database\MySQLi\Connection.php(312): mysqli->query('INSERT INTO `nivelesacademicos` (`cod_nivel_acad`, `nombre`, `descripcion`) VALUES (NULL, \'Inventado\', NULL)', 0)
 2 SYSTEMPATH\Database\BaseConnection.php(734): CodeIgniter\Database\MySQLi\Connection->execute('INSERT INTO `nivelesacademicos` (`cod_nivel_acad`, `nombre`, `descripcion`) VALUES (NULL, \'Inventado\', NULL)')
 3 SYSTEMPATH\Database\BaseConnection.php(648): CodeIgniter\Database\BaseConnection->simpleQuery('INSERT INTO `nivelesacademicos` (`cod_nivel_acad`, `nombre`, `descripcion`) VALUES (NULL, \'Inventado\', NULL)')
 4 SYSTEMPATH\Database\BaseBuilder.php(2332): CodeIgniter\Database\BaseConnection->query('INSERT INTO `nivelesacademicos` (`cod_nivel_acad`, `nombre`, `descripcion`) VALUES (:cod_nivel_acad:, :nombre:, :descripcion:)', [...], false)
 5 SYSTEMPATH\Model.php(394): CodeIgniter\Database\BaseBuilder->insert()
 6 SYSTEMPATH\BaseModel.php(840): CodeIgniter\Model->doInsert([...])
 7 SYSTEMPATH\Model.php(802): CodeIgniter\BaseModel->insert([...], true)
 8 APPPATH\Controllers\NivelesController.php(26): CodeIgniter\Model->insert([...])
 9 SYSTEMPATH\CodeIgniter.php(933): App\Controllers\NivelesController->agregarNivel()
10 SYSTEMPATH\CodeIgniter.php(509): CodeIgniter\CodeIgniter->runController(Object(App\Controllers\NivelesController))
11 SYSTEMPATH\CodeIgniter.php(355): CodeIgniter\CodeIgniter->handleRequest(null, Object(Config\Cache), false)
12 SYSTEMPATH\Boot.php(325): CodeIgniter\CodeIgniter->run()
13 SYSTEMPATH\Boot.php(67): CodeIgniter\Boot::runCodeIgniter(Object(CodeIgniter\CodeIgniter))
14 FCPATH\index.php(56): CodeIgniter\Boot::bootWeb(Object(Config\Paths))
